[2023-05-12T19:07:13.595+0000] {processor.py:156} INFO - Started process (PID=57) to work on /home/airflow/.local/lib/python3.7/site-packages/airflow/example_dags/example_branch_operator.py
[2023-05-12T19:07:13.604+0000] {processor.py:799} INFO - Processing file /home/airflow/.local/lib/python3.7/site-packages/airflow/example_dags/example_branch_operator.py for tasks to queue
[2023-05-12T19:07:13.609+0000] {logging_mixin.py:149} INFO - [2023-05-12T19:07:13.608+0000] {dagbag.py:541} INFO - Filling up the DagBag from /home/airflow/.local/lib/python3.7/site-packages/airflow/example_dags/example_branch_operator.py
[2023-05-12T19:07:13.722+0000] {processor.py:809} INFO - DAG(s) dict_keys(['example_branch_operator']) retrieved from /home/airflow/.local/lib/python3.7/site-packages/airflow/example_dags/example_branch_operator.py
[2023-05-12T19:07:14.561+0000] {logging_mixin.py:149} INFO - [2023-05-12T19:07:14.560+0000] {manager.py:504} INFO - Created Permission View: can delete on DAG:example_branch_operator
[2023-05-12T19:07:14.643+0000] {logging_mixin.py:149} INFO - [2023-05-12T19:07:14.642+0000] {manager.py:504} INFO - Created Permission View: can edit on DAG:example_branch_operator
[2023-05-12T19:07:14.731+0000] {logging_mixin.py:149} INFO - [2023-05-12T19:07:14.731+0000] {manager.py:504} INFO - Created Permission View: can read on DAG:example_branch_operator
[2023-05-12T19:07:14.735+0000] {logging_mixin.py:149} INFO - [2023-05-12T19:07:14.734+0000] {dag.py:2726} INFO - Sync 1 DAGs
[2023-05-12T19:07:14.924+0000] {logging_mixin.py:149} INFO - [2023-05-12T19:07:14.924+0000] {dag.py:2747} INFO - Creating ORM DAG for example_branch_operator
[2023-05-12T19:07:15.076+0000] {logging_mixin.py:149} INFO - [2023-05-12T19:07:15.076+0000] {dag.py:3490} INFO - Setting next_dagrun for example_branch_operator to 2023-05-11T00:00:00+00:00, run_after=2023-05-12T00:00:00+00:00
[2023-05-12T19:07:15.386+0000] {processor.py:178} INFO - Processing /home/airflow/.local/lib/python3.7/site-packages/airflow/example_dags/example_branch_operator.py took 1.812 seconds
[2023-05-12T19:08:26.884+0000] {processor.py:156} INFO - Started process (PID=121) to work on /home/airflow/.local/lib/python3.7/site-packages/airflow/example_dags/example_branch_operator.py
[2023-05-12T19:08:26.886+0000] {processor.py:799} INFO - Processing file /home/airflow/.local/lib/python3.7/site-packages/airflow/example_dags/example_branch_operator.py for tasks to queue
[2023-05-12T19:08:26.889+0000] {logging_mixin.py:149} INFO - [2023-05-12T19:08:26.889+0000] {dagbag.py:541} INFO - Filling up the DagBag from /home/airflow/.local/lib/python3.7/site-packages/airflow/example_dags/example_branch_operator.py
[2023-05-12T19:08:27.035+0000] {processor.py:809} INFO - DAG(s) dict_keys(['example_branch_operator']) retrieved from /home/airflow/.local/lib/python3.7/site-packages/airflow/example_dags/example_branch_operator.py
[2023-05-12T19:08:27.142+0000] {logging_mixin.py:149} INFO - [2023-05-12T19:08:27.142+0000] {dag.py:2726} INFO - Sync 1 DAGs
[2023-05-12T19:08:27.275+0000] {logging_mixin.py:149} INFO - [2023-05-12T19:08:27.274+0000] {dag.py:3490} INFO - Setting next_dagrun for example_branch_operator to 2023-05-11T00:00:00+00:00, run_after=2023-05-12T00:00:00+00:00
[2023-05-12T19:08:27.519+0000] {processor.py:178} INFO - Processing /home/airflow/.local/lib/python3.7/site-packages/airflow/example_dags/example_branch_operator.py took 0.644 seconds
[2023-05-12T19:09:05.453+0000] {processor.py:156} INFO - Started process (PID=166) to work on /home/airflow/.local/lib/python3.7/site-packages/airflow/example_dags/example_branch_operator.py
[2023-05-12T19:09:05.456+0000] {processor.py:799} INFO - Processing file /home/airflow/.local/lib/python3.7/site-packages/airflow/example_dags/example_branch_operator.py for tasks to queue
[2023-05-12T19:09:05.458+0000] {logging_mixin.py:149} INFO - [2023-05-12T19:09:05.458+0000] {dagbag.py:541} INFO - Filling up the DagBag from /home/airflow/.local/lib/python3.7/site-packages/airflow/example_dags/example_branch_operator.py
[2023-05-12T19:09:05.480+0000] {processor.py:809} INFO - DAG(s) dict_keys(['example_branch_operator']) retrieved from /home/airflow/.local/lib/python3.7/site-packages/airflow/example_dags/example_branch_operator.py
[2023-05-12T19:09:05.552+0000] {logging_mixin.py:149} INFO - [2023-05-12T19:09:05.551+0000] {dag.py:2726} INFO - Sync 1 DAGs
[2023-05-12T19:09:05.609+0000] {logging_mixin.py:149} INFO - [2023-05-12T19:09:05.609+0000] {dag.py:3490} INFO - Setting next_dagrun for example_branch_operator to 2023-05-11T00:00:00+00:00, run_after=2023-05-12T00:00:00+00:00
[2023-05-12T19:09:05.749+0000] {processor.py:178} INFO - Processing /home/airflow/.local/lib/python3.7/site-packages/airflow/example_dags/example_branch_operator.py took 0.303 seconds
