[2023-05-12T19:07:34.274+0000] {processor.py:156} INFO - Started process (PID=66) to work on /home/airflow/.local/lib/python3.7/site-packages/airflow/example_dags/example_params_ui_tutorial.py
[2023-05-12T19:07:34.278+0000] {processor.py:799} INFO - Processing file /home/airflow/.local/lib/python3.7/site-packages/airflow/example_dags/example_params_ui_tutorial.py for tasks to queue
[2023-05-12T19:07:34.282+0000] {logging_mixin.py:149} INFO - [2023-05-12T19:07:34.282+0000] {dagbag.py:541} INFO - Filling up the DagBag from /home/airflow/.local/lib/python3.7/site-packages/airflow/example_dags/example_params_ui_tutorial.py
[2023-05-12T19:07:34.760+0000] {processor.py:809} INFO - DAG(s) dict_keys(['example_params_ui_tutorial']) retrieved from /home/airflow/.local/lib/python3.7/site-packages/airflow/example_dags/example_params_ui_tutorial.py
[2023-05-12T19:07:37.585+0000] {logging_mixin.py:149} INFO - [2023-05-12T19:07:37.585+0000] {manager.py:504} INFO - Created Permission View: can delete on DAG:example_params_ui_tutorial
[2023-05-12T19:07:37.718+0000] {logging_mixin.py:149} INFO - [2023-05-12T19:07:37.718+0000] {manager.py:504} INFO - Created Permission View: can edit on DAG:example_params_ui_tutorial
[2023-05-12T19:07:37.817+0000] {logging_mixin.py:149} INFO - [2023-05-12T19:07:37.816+0000] {manager.py:504} INFO - Created Permission View: can read on DAG:example_params_ui_tutorial
[2023-05-12T19:07:37.822+0000] {logging_mixin.py:149} INFO - [2023-05-12T19:07:37.822+0000] {dag.py:2726} INFO - Sync 1 DAGs
[2023-05-12T19:07:38.059+0000] {logging_mixin.py:149} INFO - [2023-05-12T19:07:38.059+0000] {dag.py:2747} INFO - Creating ORM DAG for example_params_ui_tutorial
[2023-05-12T19:07:38.124+0000] {logging_mixin.py:149} INFO - [2023-05-12T19:07:38.124+0000] {dag.py:3490} INFO - Setting next_dagrun for example_params_ui_tutorial to None, run_after=None
[2023-05-12T19:07:38.901+0000] {processor.py:178} INFO - Processing /home/airflow/.local/lib/python3.7/site-packages/airflow/example_dags/example_params_ui_tutorial.py took 4.634 seconds
[2023-05-12T19:08:33.850+0000] {processor.py:156} INFO - Started process (PID=130) to work on /home/airflow/.local/lib/python3.7/site-packages/airflow/example_dags/example_params_ui_tutorial.py
[2023-05-12T19:08:33.855+0000] {processor.py:799} INFO - Processing file /home/airflow/.local/lib/python3.7/site-packages/airflow/example_dags/example_params_ui_tutorial.py for tasks to queue
[2023-05-12T19:08:33.857+0000] {logging_mixin.py:149} INFO - [2023-05-12T19:08:33.857+0000] {dagbag.py:541} INFO - Filling up the DagBag from /home/airflow/.local/lib/python3.7/site-packages/airflow/example_dags/example_params_ui_tutorial.py
[2023-05-12T19:08:34.372+0000] {processor.py:809} INFO - DAG(s) dict_keys(['example_params_ui_tutorial']) retrieved from /home/airflow/.local/lib/python3.7/site-packages/airflow/example_dags/example_params_ui_tutorial.py
[2023-05-12T19:08:34.592+0000] {logging_mixin.py:149} INFO - [2023-05-12T19:08:34.591+0000] {dag.py:2726} INFO - Sync 1 DAGs
[2023-05-12T19:08:34.668+0000] {logging_mixin.py:149} INFO - [2023-05-12T19:08:34.668+0000] {dag.py:3490} INFO - Setting next_dagrun for example_params_ui_tutorial to None, run_after=None
[2023-05-12T19:08:34.934+0000] {processor.py:178} INFO - Processing /home/airflow/.local/lib/python3.7/site-packages/airflow/example_dags/example_params_ui_tutorial.py took 1.098 seconds
[2023-05-12T19:09:10.991+0000] {processor.py:156} INFO - Started process (PID=183) to work on /home/airflow/.local/lib/python3.7/site-packages/airflow/example_dags/example_params_ui_tutorial.py
[2023-05-12T19:09:10.993+0000] {processor.py:799} INFO - Processing file /home/airflow/.local/lib/python3.7/site-packages/airflow/example_dags/example_params_ui_tutorial.py for tasks to queue
[2023-05-12T19:09:10.996+0000] {logging_mixin.py:149} INFO - [2023-05-12T19:09:10.996+0000] {dagbag.py:541} INFO - Filling up the DagBag from /home/airflow/.local/lib/python3.7/site-packages/airflow/example_dags/example_params_ui_tutorial.py
[2023-05-12T19:09:11.157+0000] {processor.py:809} INFO - DAG(s) dict_keys(['example_params_ui_tutorial']) retrieved from /home/airflow/.local/lib/python3.7/site-packages/airflow/example_dags/example_params_ui_tutorial.py
[2023-05-12T19:09:11.433+0000] {logging_mixin.py:149} INFO - [2023-05-12T19:09:11.432+0000] {dag.py:2726} INFO - Sync 1 DAGs
[2023-05-12T19:09:11.555+0000] {logging_mixin.py:149} INFO - [2023-05-12T19:09:11.555+0000] {dag.py:3490} INFO - Setting next_dagrun for example_params_ui_tutorial to None, run_after=None
[2023-05-12T19:09:11.740+0000] {processor.py:178} INFO - Processing /home/airflow/.local/lib/python3.7/site-packages/airflow/example_dags/example_params_ui_tutorial.py took 0.759 seconds
