[2023-05-12T19:08:08.268+0000] {processor.py:156} INFO - Started process (PID=97) to work on /home/airflow/.local/lib/python3.7/site-packages/airflow/example_dags/example_complex.py
[2023-05-12T19:08:08.273+0000] {processor.py:799} INFO - Processing file /home/airflow/.local/lib/python3.7/site-packages/airflow/example_dags/example_complex.py for tasks to queue
[2023-05-12T19:08:08.276+0000] {logging_mixin.py:149} INFO - [2023-05-12T19:08:08.275+0000] {dagbag.py:541} INFO - Filling up the DagBag from /home/airflow/.local/lib/python3.7/site-packages/airflow/example_dags/example_complex.py
[2023-05-12T19:08:08.381+0000] {logging_mixin.py:149} INFO - [2023-05-12T19:08:08.380+0000] {taskmixin.py:211} WARNING - Dependency <Task(BashOperator): create_entry_group>, delete_entry_group already registered for DAG: example_complex
[2023-05-12T19:08:08.382+0000] {logging_mixin.py:149} INFO - [2023-05-12T19:08:08.381+0000] {taskmixin.py:211} WARNING - Dependency <Task(BashOperator): delete_entry_group>, create_entry_group already registered for DAG: example_complex
[2023-05-12T19:08:08.383+0000] {logging_mixin.py:149} INFO - [2023-05-12T19:08:08.382+0000] {taskmixin.py:211} WARNING - Dependency <Task(BashOperator): create_entry_gcs>, delete_entry already registered for DAG: example_complex
[2023-05-12T19:08:08.384+0000] {logging_mixin.py:149} INFO - [2023-05-12T19:08:08.384+0000] {taskmixin.py:211} WARNING - Dependency <Task(BashOperator): delete_entry>, create_entry_gcs already registered for DAG: example_complex
[2023-05-12T19:08:08.386+0000] {logging_mixin.py:149} INFO - [2023-05-12T19:08:08.385+0000] {taskmixin.py:211} WARNING - Dependency <Task(BashOperator): create_tag>, delete_tag already registered for DAG: example_complex
[2023-05-12T19:08:08.389+0000] {logging_mixin.py:149} INFO - [2023-05-12T19:08:08.388+0000] {taskmixin.py:211} WARNING - Dependency <Task(BashOperator): delete_tag>, create_tag already registered for DAG: example_complex
[2023-05-12T19:08:08.394+0000] {processor.py:809} INFO - DAG(s) dict_keys(['example_complex']) retrieved from /home/airflow/.local/lib/python3.7/site-packages/airflow/example_dags/example_complex.py
[2023-05-12T19:08:08.991+0000] {logging_mixin.py:149} INFO - [2023-05-12T19:08:08.990+0000] {manager.py:504} INFO - Created Permission View: can delete on DAG:example_complex
[2023-05-12T19:08:09.101+0000] {logging_mixin.py:149} INFO - [2023-05-12T19:08:09.101+0000] {manager.py:504} INFO - Created Permission View: can edit on DAG:example_complex
[2023-05-12T19:08:09.244+0000] {logging_mixin.py:149} INFO - [2023-05-12T19:08:09.244+0000] {manager.py:504} INFO - Created Permission View: can read on DAG:example_complex
[2023-05-12T19:08:09.247+0000] {logging_mixin.py:149} INFO - [2023-05-12T19:08:09.246+0000] {dag.py:2726} INFO - Sync 1 DAGs
[2023-05-12T19:08:09.288+0000] {logging_mixin.py:149} INFO - [2023-05-12T19:08:09.288+0000] {dag.py:2747} INFO - Creating ORM DAG for example_complex
[2023-05-12T19:08:09.314+0000] {logging_mixin.py:149} INFO - [2023-05-12T19:08:09.314+0000] {dag.py:3490} INFO - Setting next_dagrun for example_complex to None, run_after=None
[2023-05-12T19:08:09.451+0000] {processor.py:178} INFO - Processing /home/airflow/.local/lib/python3.7/site-packages/airflow/example_dags/example_complex.py took 1.189 seconds
[2023-05-12T19:09:08.061+0000] {processor.py:156} INFO - Started process (PID=176) to work on /home/airflow/.local/lib/python3.7/site-packages/airflow/example_dags/example_complex.py
[2023-05-12T19:09:08.065+0000] {processor.py:799} INFO - Processing file /home/airflow/.local/lib/python3.7/site-packages/airflow/example_dags/example_complex.py for tasks to queue
[2023-05-12T19:09:08.068+0000] {logging_mixin.py:149} INFO - [2023-05-12T19:09:08.067+0000] {dagbag.py:541} INFO - Filling up the DagBag from /home/airflow/.local/lib/python3.7/site-packages/airflow/example_dags/example_complex.py
[2023-05-12T19:09:08.129+0000] {logging_mixin.py:149} INFO - [2023-05-12T19:09:08.129+0000] {taskmixin.py:211} WARNING - Dependency <Task(BashOperator): create_entry_group>, delete_entry_group already registered for DAG: example_complex
[2023-05-12T19:09:08.131+0000] {logging_mixin.py:149} INFO - [2023-05-12T19:09:08.130+0000] {taskmixin.py:211} WARNING - Dependency <Task(BashOperator): delete_entry_group>, create_entry_group already registered for DAG: example_complex
[2023-05-12T19:09:08.133+0000] {logging_mixin.py:149} INFO - [2023-05-12T19:09:08.132+0000] {taskmixin.py:211} WARNING - Dependency <Task(BashOperator): create_entry_gcs>, delete_entry already registered for DAG: example_complex
[2023-05-12T19:09:08.134+0000] {logging_mixin.py:149} INFO - [2023-05-12T19:09:08.133+0000] {taskmixin.py:211} WARNING - Dependency <Task(BashOperator): delete_entry>, create_entry_gcs already registered for DAG: example_complex
[2023-05-12T19:09:08.135+0000] {logging_mixin.py:149} INFO - [2023-05-12T19:09:08.135+0000] {taskmixin.py:211} WARNING - Dependency <Task(BashOperator): create_tag>, delete_tag already registered for DAG: example_complex
[2023-05-12T19:09:08.136+0000] {logging_mixin.py:149} INFO - [2023-05-12T19:09:08.136+0000] {taskmixin.py:211} WARNING - Dependency <Task(BashOperator): delete_tag>, create_tag already registered for DAG: example_complex
[2023-05-12T19:09:08.143+0000] {processor.py:809} INFO - DAG(s) dict_keys(['example_complex']) retrieved from /home/airflow/.local/lib/python3.7/site-packages/airflow/example_dags/example_complex.py
[2023-05-12T19:09:08.238+0000] {logging_mixin.py:149} INFO - [2023-05-12T19:09:08.238+0000] {dag.py:2726} INFO - Sync 1 DAGs
[2023-05-12T19:09:08.324+0000] {logging_mixin.py:149} INFO - [2023-05-12T19:09:08.323+0000] {dag.py:3490} INFO - Setting next_dagrun for example_complex to None, run_after=None
[2023-05-12T19:09:08.505+0000] {processor.py:178} INFO - Processing /home/airflow/.local/lib/python3.7/site-packages/airflow/example_dags/example_complex.py took 0.452 seconds
