[2023-05-12T19:07:18.408+0000] {processor.py:156} INFO - Started process (PID=61) to work on /home/airflow/.local/lib/python3.7/site-packages/airflow/example_dags/example_branch_datetime_operator.py
[2023-05-12T19:07:18.450+0000] {processor.py:799} INFO - Processing file /home/airflow/.local/lib/python3.7/site-packages/airflow/example_dags/example_branch_datetime_operator.py for tasks to queue
[2023-05-12T19:07:18.453+0000] {logging_mixin.py:149} INFO - [2023-05-12T19:07:18.452+0000] {dagbag.py:541} INFO - Filling up the DagBag from /home/airflow/.local/lib/python3.7/site-packages/airflow/example_dags/example_branch_datetime_operator.py
[2023-05-12T19:07:18.605+0000] {processor.py:809} INFO - DAG(s) dict_keys(['example_branch_datetime_operator_3', 'example_branch_datetime_operator', 'example_branch_datetime_operator_2']) retrieved from /home/airflow/.local/lib/python3.7/site-packages/airflow/example_dags/example_branch_datetime_operator.py
[2023-05-12T19:07:20.359+0000] {logging_mixin.py:149} INFO - [2023-05-12T19:07:20.355+0000] {manager.py:504} INFO - Created Permission View: can delete on DAG:example_branch_datetime_operator_3
[2023-05-12T19:07:20.565+0000] {logging_mixin.py:149} INFO - [2023-05-12T19:07:20.564+0000] {manager.py:504} INFO - Created Permission View: can edit on DAG:example_branch_datetime_operator_3
[2023-05-12T19:07:20.763+0000] {logging_mixin.py:149} INFO - [2023-05-12T19:07:20.762+0000] {manager.py:504} INFO - Created Permission View: can read on DAG:example_branch_datetime_operator_3
[2023-05-12T19:07:21.287+0000] {logging_mixin.py:149} INFO - [2023-05-12T19:07:21.286+0000] {manager.py:504} INFO - Created Permission View: can delete on DAG:example_branch_datetime_operator
[2023-05-12T19:07:21.422+0000] {logging_mixin.py:149} INFO - [2023-05-12T19:07:21.422+0000] {manager.py:504} INFO - Created Permission View: can edit on DAG:example_branch_datetime_operator
[2023-05-12T19:07:21.522+0000] {logging_mixin.py:149} INFO - [2023-05-12T19:07:21.521+0000] {manager.py:504} INFO - Created Permission View: can read on DAG:example_branch_datetime_operator
[2023-05-12T19:07:21.810+0000] {logging_mixin.py:149} INFO - [2023-05-12T19:07:21.809+0000] {manager.py:504} INFO - Created Permission View: can delete on DAG:example_branch_datetime_operator_2
[2023-05-12T19:07:22.050+0000] {logging_mixin.py:149} INFO - [2023-05-12T19:07:22.050+0000] {manager.py:504} INFO - Created Permission View: can edit on DAG:example_branch_datetime_operator_2
[2023-05-12T19:07:24.240+0000] {logging_mixin.py:149} INFO - [2023-05-12T19:07:24.240+0000] {manager.py:504} INFO - Created Permission View: can read on DAG:example_branch_datetime_operator_2
[2023-05-12T19:07:24.361+0000] {logging_mixin.py:149} INFO - [2023-05-12T19:07:24.361+0000] {dag.py:2726} INFO - Sync 3 DAGs
[2023-05-12T19:07:25.289+0000] {logging_mixin.py:149} INFO - [2023-05-12T19:07:25.288+0000] {dag.py:2747} INFO - Creating ORM DAG for example_branch_datetime_operator_3
[2023-05-12T19:07:25.322+0000] {logging_mixin.py:149} INFO - [2023-05-12T19:07:25.321+0000] {dag.py:2747} INFO - Creating ORM DAG for example_branch_datetime_operator_2
[2023-05-12T19:07:25.350+0000] {logging_mixin.py:149} INFO - [2023-05-12T19:07:25.350+0000] {dag.py:2747} INFO - Creating ORM DAG for example_branch_datetime_operator
[2023-05-12T19:07:25.662+0000] {logging_mixin.py:149} INFO - [2023-05-12T19:07:25.661+0000] {dag.py:3490} INFO - Setting next_dagrun for example_branch_datetime_operator to 2023-05-11T00:00:00+00:00, run_after=2023-05-12T00:00:00+00:00
[2023-05-12T19:07:25.697+0000] {logging_mixin.py:149} INFO - [2023-05-12T19:07:25.697+0000] {dag.py:3490} INFO - Setting next_dagrun for example_branch_datetime_operator_2 to 2023-05-11T00:00:00+00:00, run_after=2023-05-12T00:00:00+00:00
[2023-05-12T19:07:25.705+0000] {logging_mixin.py:149} INFO - [2023-05-12T19:07:25.705+0000] {dag.py:3490} INFO - Setting next_dagrun for example_branch_datetime_operator_3 to 2023-05-11T00:00:00+00:00, run_after=2023-05-12T00:00:00+00:00
[2023-05-12T19:07:26.228+0000] {processor.py:178} INFO - Processing /home/airflow/.local/lib/python3.7/site-packages/airflow/example_dags/example_branch_datetime_operator.py took 7.793 seconds
[2023-05-12T19:08:30.584+0000] {processor.py:156} INFO - Started process (PID=125) to work on /home/airflow/.local/lib/python3.7/site-packages/airflow/example_dags/example_branch_datetime_operator.py
[2023-05-12T19:08:30.587+0000] {processor.py:799} INFO - Processing file /home/airflow/.local/lib/python3.7/site-packages/airflow/example_dags/example_branch_datetime_operator.py for tasks to queue
[2023-05-12T19:08:30.589+0000] {logging_mixin.py:149} INFO - [2023-05-12T19:08:30.589+0000] {dagbag.py:541} INFO - Filling up the DagBag from /home/airflow/.local/lib/python3.7/site-packages/airflow/example_dags/example_branch_datetime_operator.py
[2023-05-12T19:08:30.703+0000] {processor.py:809} INFO - DAG(s) dict_keys(['example_branch_datetime_operator', 'example_branch_datetime_operator_2', 'example_branch_datetime_operator_3']) retrieved from /home/airflow/.local/lib/python3.7/site-packages/airflow/example_dags/example_branch_datetime_operator.py
[2023-05-12T19:08:30.813+0000] {logging_mixin.py:149} INFO - [2023-05-12T19:08:30.813+0000] {dag.py:2726} INFO - Sync 3 DAGs
[2023-05-12T19:08:30.918+0000] {logging_mixin.py:149} INFO - [2023-05-12T19:08:30.918+0000] {dag.py:3490} INFO - Setting next_dagrun for example_branch_datetime_operator to 2023-05-11T00:00:00+00:00, run_after=2023-05-12T00:00:00+00:00
[2023-05-12T19:08:30.945+0000] {logging_mixin.py:149} INFO - [2023-05-12T19:08:30.945+0000] {dag.py:3490} INFO - Setting next_dagrun for example_branch_datetime_operator_2 to 2023-05-11T00:00:00+00:00, run_after=2023-05-12T00:00:00+00:00
[2023-05-12T19:08:30.989+0000] {logging_mixin.py:149} INFO - [2023-05-12T19:08:30.989+0000] {dag.py:3490} INFO - Setting next_dagrun for example_branch_datetime_operator_3 to 2023-05-11T00:00:00+00:00, run_after=2023-05-12T00:00:00+00:00
[2023-05-12T19:08:31.136+0000] {processor.py:178} INFO - Processing /home/airflow/.local/lib/python3.7/site-packages/airflow/example_dags/example_branch_datetime_operator.py took 0.560 seconds
[2023-05-12T19:09:06.467+0000] {processor.py:156} INFO - Started process (PID=170) to work on /home/airflow/.local/lib/python3.7/site-packages/airflow/example_dags/example_branch_datetime_operator.py
[2023-05-12T19:09:06.470+0000] {processor.py:799} INFO - Processing file /home/airflow/.local/lib/python3.7/site-packages/airflow/example_dags/example_branch_datetime_operator.py for tasks to queue
[2023-05-12T19:09:06.473+0000] {logging_mixin.py:149} INFO - [2023-05-12T19:09:06.472+0000] {dagbag.py:541} INFO - Filling up the DagBag from /home/airflow/.local/lib/python3.7/site-packages/airflow/example_dags/example_branch_datetime_operator.py
[2023-05-12T19:09:06.497+0000] {processor.py:809} INFO - DAG(s) dict_keys(['example_branch_datetime_operator_3', 'example_branch_datetime_operator', 'example_branch_datetime_operator_2']) retrieved from /home/airflow/.local/lib/python3.7/site-packages/airflow/example_dags/example_branch_datetime_operator.py
[2023-05-12T19:09:06.585+0000] {logging_mixin.py:149} INFO - [2023-05-12T19:09:06.585+0000] {dag.py:2726} INFO - Sync 3 DAGs
[2023-05-12T19:09:06.658+0000] {logging_mixin.py:149} INFO - [2023-05-12T19:09:06.658+0000] {dag.py:3490} INFO - Setting next_dagrun for example_branch_datetime_operator to 2023-05-11T00:00:00+00:00, run_after=2023-05-12T00:00:00+00:00
[2023-05-12T19:09:06.688+0000] {logging_mixin.py:149} INFO - [2023-05-12T19:09:06.687+0000] {dag.py:3490} INFO - Setting next_dagrun for example_branch_datetime_operator_2 to 2023-05-11T00:00:00+00:00, run_after=2023-05-12T00:00:00+00:00
[2023-05-12T19:09:06.698+0000] {logging_mixin.py:149} INFO - [2023-05-12T19:09:06.697+0000] {dag.py:3490} INFO - Setting next_dagrun for example_branch_datetime_operator_3 to 2023-05-11T00:00:00+00:00, run_after=2023-05-12T00:00:00+00:00
[2023-05-12T19:09:06.888+0000] {processor.py:178} INFO - Processing /home/airflow/.local/lib/python3.7/site-packages/airflow/example_dags/example_branch_datetime_operator.py took 0.430 seconds
