[2023-05-12T19:07:39.183+0000] {processor.py:156} INFO - Started process (PID=68) to work on /home/airflow/.local/lib/python3.7/site-packages/airflow/example_dags/example_sla_dag.py
[2023-05-12T19:07:39.186+0000] {processor.py:799} INFO - Processing file /home/airflow/.local/lib/python3.7/site-packages/airflow/example_dags/example_sla_dag.py for tasks to queue
[2023-05-12T19:07:39.188+0000] {logging_mixin.py:149} INFO - [2023-05-12T19:07:39.188+0000] {dagbag.py:541} INFO - Filling up the DagBag from /home/airflow/.local/lib/python3.7/site-packages/airflow/example_dags/example_sla_dag.py
[2023-05-12T19:07:39.499+0000] {processor.py:809} INFO - DAG(s) dict_keys(['example_sla_dag']) retrieved from /home/airflow/.local/lib/python3.7/site-packages/airflow/example_dags/example_sla_dag.py
[2023-05-12T19:07:41.116+0000] {logging_mixin.py:149} INFO - [2023-05-12T19:07:41.116+0000] {manager.py:504} INFO - Created Permission View: can delete on DAG:example_sla_dag
[2023-05-12T19:07:41.181+0000] {logging_mixin.py:149} INFO - [2023-05-12T19:07:41.181+0000] {manager.py:504} INFO - Created Permission View: can edit on DAG:example_sla_dag
[2023-05-12T19:07:41.378+0000] {logging_mixin.py:149} INFO - [2023-05-12T19:07:41.377+0000] {manager.py:504} INFO - Created Permission View: can read on DAG:example_sla_dag
[2023-05-12T19:07:41.381+0000] {logging_mixin.py:149} INFO - [2023-05-12T19:07:41.380+0000] {dag.py:2726} INFO - Sync 1 DAGs
[2023-05-12T19:07:41.493+0000] {logging_mixin.py:149} INFO - [2023-05-12T19:07:41.493+0000] {dag.py:2747} INFO - Creating ORM DAG for example_sla_dag
[2023-05-12T19:07:41.566+0000] {logging_mixin.py:149} INFO - [2023-05-12T19:07:41.566+0000] {dag.py:3490} INFO - Setting next_dagrun for example_sla_dag to 2023-05-12T19:04:00+00:00, run_after=2023-05-12T19:06:00+00:00
[2023-05-12T19:07:41.751+0000] {processor.py:178} INFO - Processing /home/airflow/.local/lib/python3.7/site-packages/airflow/example_dags/example_sla_dag.py took 2.597 seconds
[2023-05-12T19:08:36.820+0000] {processor.py:156} INFO - Started process (PID=132) to work on /home/airflow/.local/lib/python3.7/site-packages/airflow/example_dags/example_sla_dag.py
[2023-05-12T19:08:36.827+0000] {processor.py:799} INFO - Processing file /home/airflow/.local/lib/python3.7/site-packages/airflow/example_dags/example_sla_dag.py for tasks to queue
[2023-05-12T19:08:36.829+0000] {logging_mixin.py:149} INFO - [2023-05-12T19:08:36.829+0000] {dagbag.py:541} INFO - Filling up the DagBag from /home/airflow/.local/lib/python3.7/site-packages/airflow/example_dags/example_sla_dag.py
[2023-05-12T19:08:36.859+0000] {processor.py:809} INFO - DAG(s) dict_keys(['example_sla_dag']) retrieved from /home/airflow/.local/lib/python3.7/site-packages/airflow/example_dags/example_sla_dag.py
[2023-05-12T19:08:36.936+0000] {logging_mixin.py:149} INFO - [2023-05-12T19:08:36.936+0000] {dag.py:2726} INFO - Sync 1 DAGs
[2023-05-12T19:08:37.187+0000] {logging_mixin.py:149} INFO - [2023-05-12T19:08:37.187+0000] {dag.py:3490} INFO - Setting next_dagrun for example_sla_dag to 2023-05-12T19:06:00+00:00, run_after=2023-05-12T19:08:00+00:00
[2023-05-12T19:08:37.457+0000] {processor.py:178} INFO - Processing /home/airflow/.local/lib/python3.7/site-packages/airflow/example_dags/example_sla_dag.py took 0.648 seconds
[2023-05-12T19:09:11.810+0000] {processor.py:156} INFO - Started process (PID=185) to work on /home/airflow/.local/lib/python3.7/site-packages/airflow/example_dags/example_sla_dag.py
[2023-05-12T19:09:11.814+0000] {processor.py:799} INFO - Processing file /home/airflow/.local/lib/python3.7/site-packages/airflow/example_dags/example_sla_dag.py for tasks to queue
[2023-05-12T19:09:11.816+0000] {logging_mixin.py:149} INFO - [2023-05-12T19:09:11.816+0000] {dagbag.py:541} INFO - Filling up the DagBag from /home/airflow/.local/lib/python3.7/site-packages/airflow/example_dags/example_sla_dag.py
[2023-05-12T19:09:11.838+0000] {processor.py:809} INFO - DAG(s) dict_keys(['example_sla_dag']) retrieved from /home/airflow/.local/lib/python3.7/site-packages/airflow/example_dags/example_sla_dag.py
[2023-05-12T19:09:11.906+0000] {logging_mixin.py:149} INFO - [2023-05-12T19:09:11.905+0000] {dag.py:2726} INFO - Sync 1 DAGs
[2023-05-12T19:09:11.982+0000] {logging_mixin.py:149} INFO - [2023-05-12T19:09:11.981+0000] {dag.py:3490} INFO - Setting next_dagrun for example_sla_dag to 2023-05-12T19:06:00+00:00, run_after=2023-05-12T19:08:00+00:00
[2023-05-12T19:09:12.202+0000] {processor.py:178} INFO - Processing /home/airflow/.local/lib/python3.7/site-packages/airflow/example_dags/example_sla_dag.py took 0.399 seconds
