[2023-05-12T19:07:26.341+0000] {processor.py:156} INFO - Started process (PID=63) to work on /home/airflow/.local/lib/python3.7/site-packages/airflow/example_dags/example_nested_branch_dag.py
[2023-05-12T19:07:26.346+0000] {processor.py:799} INFO - Processing file /home/airflow/.local/lib/python3.7/site-packages/airflow/example_dags/example_nested_branch_dag.py for tasks to queue
[2023-05-12T19:07:26.353+0000] {logging_mixin.py:149} INFO - [2023-05-12T19:07:26.352+0000] {dagbag.py:541} INFO - Filling up the DagBag from /home/airflow/.local/lib/python3.7/site-packages/airflow/example_dags/example_nested_branch_dag.py
[2023-05-12T19:07:26.486+0000] {processor.py:809} INFO - DAG(s) dict_keys(['example_nested_branch_dag']) retrieved from /home/airflow/.local/lib/python3.7/site-packages/airflow/example_dags/example_nested_branch_dag.py
[2023-05-12T19:07:28.159+0000] {logging_mixin.py:149} INFO - [2023-05-12T19:07:28.158+0000] {manager.py:504} INFO - Created Permission View: can delete on DAG:example_nested_branch_dag
[2023-05-12T19:07:28.246+0000] {logging_mixin.py:149} INFO - [2023-05-12T19:07:28.246+0000] {manager.py:504} INFO - Created Permission View: can edit on DAG:example_nested_branch_dag
[2023-05-12T19:07:28.492+0000] {logging_mixin.py:149} INFO - [2023-05-12T19:07:28.491+0000] {manager.py:504} INFO - Created Permission View: can read on DAG:example_nested_branch_dag
[2023-05-12T19:07:28.506+0000] {logging_mixin.py:149} INFO - [2023-05-12T19:07:28.505+0000] {dag.py:2726} INFO - Sync 1 DAGs
[2023-05-12T19:07:28.709+0000] {logging_mixin.py:149} INFO - [2023-05-12T19:07:28.709+0000] {dag.py:2747} INFO - Creating ORM DAG for example_nested_branch_dag
[2023-05-12T19:07:28.756+0000] {logging_mixin.py:149} INFO - [2023-05-12T19:07:28.756+0000] {dag.py:3490} INFO - Setting next_dagrun for example_nested_branch_dag to 2023-05-11T00:00:00+00:00, run_after=2023-05-12T00:00:00+00:00
[2023-05-12T19:07:29.551+0000] {processor.py:178} INFO - Processing /home/airflow/.local/lib/python3.7/site-packages/airflow/example_dags/example_nested_branch_dag.py took 3.223 seconds
[2023-05-12T19:08:31.763+0000] {processor.py:156} INFO - Started process (PID=127) to work on /home/airflow/.local/lib/python3.7/site-packages/airflow/example_dags/example_nested_branch_dag.py
[2023-05-12T19:08:31.766+0000] {processor.py:799} INFO - Processing file /home/airflow/.local/lib/python3.7/site-packages/airflow/example_dags/example_nested_branch_dag.py for tasks to queue
[2023-05-12T19:08:31.770+0000] {logging_mixin.py:149} INFO - [2023-05-12T19:08:31.769+0000] {dagbag.py:541} INFO - Filling up the DagBag from /home/airflow/.local/lib/python3.7/site-packages/airflow/example_dags/example_nested_branch_dag.py
[2023-05-12T19:08:31.860+0000] {processor.py:809} INFO - DAG(s) dict_keys(['example_nested_branch_dag']) retrieved from /home/airflow/.local/lib/python3.7/site-packages/airflow/example_dags/example_nested_branch_dag.py
[2023-05-12T19:08:31.939+0000] {logging_mixin.py:149} INFO - [2023-05-12T19:08:31.938+0000] {dag.py:2726} INFO - Sync 1 DAGs
[2023-05-12T19:08:32.019+0000] {logging_mixin.py:149} INFO - [2023-05-12T19:08:32.018+0000] {dag.py:3490} INFO - Setting next_dagrun for example_nested_branch_dag to 2023-05-11T00:00:00+00:00, run_after=2023-05-12T00:00:00+00:00
[2023-05-12T19:08:32.182+0000] {processor.py:178} INFO - Processing /home/airflow/.local/lib/python3.7/site-packages/airflow/example_dags/example_nested_branch_dag.py took 0.433 seconds
[2023-05-12T19:09:07.049+0000] {processor.py:156} INFO - Started process (PID=172) to work on /home/airflow/.local/lib/python3.7/site-packages/airflow/example_dags/example_nested_branch_dag.py
[2023-05-12T19:09:07.051+0000] {processor.py:799} INFO - Processing file /home/airflow/.local/lib/python3.7/site-packages/airflow/example_dags/example_nested_branch_dag.py for tasks to queue
[2023-05-12T19:09:07.056+0000] {logging_mixin.py:149} INFO - [2023-05-12T19:09:07.055+0000] {dagbag.py:541} INFO - Filling up the DagBag from /home/airflow/.local/lib/python3.7/site-packages/airflow/example_dags/example_nested_branch_dag.py
[2023-05-12T19:09:07.089+0000] {processor.py:809} INFO - DAG(s) dict_keys(['example_nested_branch_dag']) retrieved from /home/airflow/.local/lib/python3.7/site-packages/airflow/example_dags/example_nested_branch_dag.py
[2023-05-12T19:09:07.196+0000] {logging_mixin.py:149} INFO - [2023-05-12T19:09:07.195+0000] {dag.py:2726} INFO - Sync 1 DAGs
[2023-05-12T19:09:07.276+0000] {logging_mixin.py:149} INFO - [2023-05-12T19:09:07.276+0000] {dag.py:3490} INFO - Setting next_dagrun for example_nested_branch_dag to 2023-05-11T00:00:00+00:00, run_after=2023-05-12T00:00:00+00:00
[2023-05-12T19:09:07.457+0000] {processor.py:178} INFO - Processing /home/airflow/.local/lib/python3.7/site-packages/airflow/example_dags/example_nested_branch_dag.py took 0.420 seconds
