[2023-05-12T19:07:53.733+0000] {processor.py:156} INFO - Started process (PID=83) to work on /home/airflow/.local/lib/python3.7/site-packages/airflow/example_dags/example_datasets.py
[2023-05-12T19:07:53.738+0000] {processor.py:799} INFO - Processing file /home/airflow/.local/lib/python3.7/site-packages/airflow/example_dags/example_datasets.py for tasks to queue
[2023-05-12T19:07:53.740+0000] {logging_mixin.py:149} INFO - [2023-05-12T19:07:53.740+0000] {dagbag.py:541} INFO - Filling up the DagBag from /home/airflow/.local/lib/python3.7/site-packages/airflow/example_dags/example_datasets.py
[2023-05-12T19:07:53.823+0000] {processor.py:809} INFO - DAG(s) dict_keys(['dataset_produces_2', 'dataset_consumes_1', 'dataset_consumes_1_and_2', 'dataset_consumes_1_never_scheduled', 'dataset_produces_1', 'dataset_consumes_unknown_never_scheduled']) retrieved from /home/airflow/.local/lib/python3.7/site-packages/airflow/example_dags/example_datasets.py
[2023-05-12T19:07:54.434+0000] {logging_mixin.py:149} INFO - [2023-05-12T19:07:54.434+0000] {manager.py:504} INFO - Created Permission View: can delete on DAG:dataset_produces_2
[2023-05-12T19:07:54.601+0000] {logging_mixin.py:149} INFO - [2023-05-12T19:07:54.601+0000] {manager.py:504} INFO - Created Permission View: can edit on DAG:dataset_produces_2
[2023-05-12T19:07:54.734+0000] {logging_mixin.py:149} INFO - [2023-05-12T19:07:54.733+0000] {manager.py:504} INFO - Created Permission View: can read on DAG:dataset_produces_2
[2023-05-12T19:07:55.057+0000] {logging_mixin.py:149} INFO - [2023-05-12T19:07:55.056+0000] {manager.py:504} INFO - Created Permission View: can delete on DAG:dataset_consumes_1
[2023-05-12T19:07:55.165+0000] {logging_mixin.py:149} INFO - [2023-05-12T19:07:55.165+0000] {manager.py:504} INFO - Created Permission View: can edit on DAG:dataset_consumes_1
[2023-05-12T19:07:55.262+0000] {logging_mixin.py:149} INFO - [2023-05-12T19:07:55.261+0000] {manager.py:504} INFO - Created Permission View: can read on DAG:dataset_consumes_1
[2023-05-12T19:07:55.512+0000] {logging_mixin.py:149} INFO - [2023-05-12T19:07:55.512+0000] {manager.py:504} INFO - Created Permission View: can delete on DAG:dataset_consumes_1_and_2
[2023-05-12T19:07:55.661+0000] {logging_mixin.py:149} INFO - [2023-05-12T19:07:55.660+0000] {manager.py:504} INFO - Created Permission View: can edit on DAG:dataset_consumes_1_and_2
[2023-05-12T19:07:55.773+0000] {logging_mixin.py:149} INFO - [2023-05-12T19:07:55.772+0000] {manager.py:504} INFO - Created Permission View: can read on DAG:dataset_consumes_1_and_2
[2023-05-12T19:07:56.123+0000] {logging_mixin.py:149} INFO - [2023-05-12T19:07:56.122+0000] {manager.py:504} INFO - Created Permission View: can delete on DAG:dataset_consumes_1_never_scheduled
[2023-05-12T19:07:56.235+0000] {logging_mixin.py:149} INFO - [2023-05-12T19:07:56.235+0000] {manager.py:504} INFO - Created Permission View: can edit on DAG:dataset_consumes_1_never_scheduled
[2023-05-12T19:07:56.401+0000] {logging_mixin.py:149} INFO - [2023-05-12T19:07:56.400+0000] {manager.py:504} INFO - Created Permission View: can read on DAG:dataset_consumes_1_never_scheduled
[2023-05-12T19:07:56.578+0000] {logging_mixin.py:149} INFO - [2023-05-12T19:07:56.578+0000] {manager.py:504} INFO - Created Permission View: can delete on DAG:dataset_produces_1
[2023-05-12T19:07:56.716+0000] {logging_mixin.py:149} INFO - [2023-05-12T19:07:56.716+0000] {manager.py:504} INFO - Created Permission View: can edit on DAG:dataset_produces_1
[2023-05-12T19:07:56.842+0000] {logging_mixin.py:149} INFO - [2023-05-12T19:07:56.841+0000] {manager.py:504} INFO - Created Permission View: can read on DAG:dataset_produces_1
[2023-05-12T19:07:57.145+0000] {logging_mixin.py:149} INFO - [2023-05-12T19:07:57.144+0000] {manager.py:504} INFO - Created Permission View: can delete on DAG:dataset_consumes_unknown_never_scheduled
[2023-05-12T19:07:57.211+0000] {logging_mixin.py:149} INFO - [2023-05-12T19:07:57.210+0000] {manager.py:504} INFO - Created Permission View: can edit on DAG:dataset_consumes_unknown_never_scheduled
[2023-05-12T19:07:57.322+0000] {logging_mixin.py:149} INFO - [2023-05-12T19:07:57.322+0000] {manager.py:504} INFO - Created Permission View: can read on DAG:dataset_consumes_unknown_never_scheduled
[2023-05-12T19:07:57.324+0000] {logging_mixin.py:149} INFO - [2023-05-12T19:07:57.323+0000] {dag.py:2726} INFO - Sync 6 DAGs
[2023-05-12T19:07:57.358+0000] {logging_mixin.py:149} INFO - [2023-05-12T19:07:57.358+0000] {dag.py:2747} INFO - Creating ORM DAG for dataset_consumes_1
[2023-05-12T19:07:57.360+0000] {logging_mixin.py:149} INFO - [2023-05-12T19:07:57.359+0000] {dag.py:2747} INFO - Creating ORM DAG for dataset_consumes_unknown_never_scheduled
[2023-05-12T19:07:57.361+0000] {logging_mixin.py:149} INFO - [2023-05-12T19:07:57.361+0000] {dag.py:2747} INFO - Creating ORM DAG for dataset_produces_1
[2023-05-12T19:07:57.363+0000] {logging_mixin.py:149} INFO - [2023-05-12T19:07:57.363+0000] {dag.py:2747} INFO - Creating ORM DAG for dataset_consumes_1_never_scheduled
[2023-05-12T19:07:57.365+0000] {logging_mixin.py:149} INFO - [2023-05-12T19:07:57.365+0000] {dag.py:2747} INFO - Creating ORM DAG for dataset_produces_2
[2023-05-12T19:07:57.368+0000] {logging_mixin.py:149} INFO - [2023-05-12T19:07:57.367+0000] {dag.py:2747} INFO - Creating ORM DAG for dataset_consumes_1_and_2
[2023-05-12T19:07:57.396+0000] {logging_mixin.py:149} INFO - [2023-05-12T19:07:57.396+0000] {dag.py:3490} INFO - Setting next_dagrun for dataset_consumes_1 to None, run_after=None
[2023-05-12T19:07:57.399+0000] {logging_mixin.py:149} INFO - [2023-05-12T19:07:57.398+0000] {dag.py:3490} INFO - Setting next_dagrun for dataset_consumes_1_and_2 to None, run_after=None
[2023-05-12T19:07:57.400+0000] {logging_mixin.py:149} INFO - [2023-05-12T19:07:57.400+0000] {dag.py:3490} INFO - Setting next_dagrun for dataset_consumes_1_never_scheduled to None, run_after=None
[2023-05-12T19:07:57.402+0000] {logging_mixin.py:149} INFO - [2023-05-12T19:07:57.402+0000] {dag.py:3490} INFO - Setting next_dagrun for dataset_consumes_unknown_never_scheduled to None, run_after=None
[2023-05-12T19:07:57.411+0000] {logging_mixin.py:149} INFO - [2023-05-12T19:07:57.410+0000] {dag.py:3490} INFO - Setting next_dagrun for dataset_produces_1 to 2023-05-11T00:00:00+00:00, run_after=2023-05-12T00:00:00+00:00
[2023-05-12T19:07:57.416+0000] {logging_mixin.py:149} INFO - [2023-05-12T19:07:57.416+0000] {dag.py:3490} INFO - Setting next_dagrun for dataset_produces_2 to None, run_after=None
[2023-05-12T19:07:57.723+0000] {processor.py:178} INFO - Processing /home/airflow/.local/lib/python3.7/site-packages/airflow/example_dags/example_datasets.py took 3.961 seconds
[2023-05-12T19:08:55.593+0000] {processor.py:156} INFO - Started process (PID=148) to work on /home/airflow/.local/lib/python3.7/site-packages/airflow/example_dags/example_datasets.py
[2023-05-12T19:08:55.596+0000] {processor.py:799} INFO - Processing file /home/airflow/.local/lib/python3.7/site-packages/airflow/example_dags/example_datasets.py for tasks to queue
[2023-05-12T19:08:55.598+0000] {logging_mixin.py:149} INFO - [2023-05-12T19:08:55.598+0000] {dagbag.py:541} INFO - Filling up the DagBag from /home/airflow/.local/lib/python3.7/site-packages/airflow/example_dags/example_datasets.py
[2023-05-12T19:08:56.181+0000] {processor.py:809} INFO - DAG(s) dict_keys(['dataset_consumes_1_never_scheduled', 'dataset_produces_1', 'dataset_consumes_unknown_never_scheduled', 'dataset_consumes_1_and_2', 'dataset_produces_2', 'dataset_consumes_1']) retrieved from /home/airflow/.local/lib/python3.7/site-packages/airflow/example_dags/example_datasets.py
[2023-05-12T19:08:56.596+0000] {logging_mixin.py:149} INFO - [2023-05-12T19:08:56.596+0000] {dag.py:2726} INFO - Sync 6 DAGs
[2023-05-12T19:08:56.671+0000] {logging_mixin.py:149} INFO - [2023-05-12T19:08:56.671+0000] {dag.py:3490} INFO - Setting next_dagrun for dataset_consumes_1 to None, run_after=None
[2023-05-12T19:08:56.681+0000] {logging_mixin.py:149} INFO - [2023-05-12T19:08:56.680+0000] {dag.py:3490} INFO - Setting next_dagrun for dataset_consumes_1_and_2 to None, run_after=None
[2023-05-12T19:08:56.684+0000] {logging_mixin.py:149} INFO - [2023-05-12T19:08:56.684+0000] {dag.py:3490} INFO - Setting next_dagrun for dataset_consumes_1_never_scheduled to None, run_after=None
[2023-05-12T19:08:56.688+0000] {logging_mixin.py:149} INFO - [2023-05-12T19:08:56.688+0000] {dag.py:3490} INFO - Setting next_dagrun for dataset_consumes_unknown_never_scheduled to None, run_after=None
[2023-05-12T19:08:56.695+0000] {logging_mixin.py:149} INFO - [2023-05-12T19:08:56.694+0000] {dag.py:3490} INFO - Setting next_dagrun for dataset_produces_1 to 2023-05-11T00:00:00+00:00, run_after=2023-05-12T00:00:00+00:00
[2023-05-12T19:08:56.699+0000] {logging_mixin.py:149} INFO - [2023-05-12T19:08:56.699+0000] {dag.py:3490} INFO - Setting next_dagrun for dataset_produces_2 to None, run_after=None
[2023-05-12T19:08:57.036+0000] {processor.py:178} INFO - Processing /home/airflow/.local/lib/python3.7/site-packages/airflow/example_dags/example_datasets.py took 1.451 seconds
