[2023-05-12T19:07:29.949+0000] {processor.py:156} INFO - Started process (PID=65) to work on /home/airflow/.local/lib/python3.7/site-packages/airflow/example_dags/example_dag_decorator.py
[2023-05-12T19:07:29.965+0000] {processor.py:799} INFO - Processing file /home/airflow/.local/lib/python3.7/site-packages/airflow/example_dags/example_dag_decorator.py for tasks to queue
[2023-05-12T19:07:29.981+0000] {logging_mixin.py:149} INFO - [2023-05-12T19:07:29.981+0000] {dagbag.py:541} INFO - Filling up the DagBag from /home/airflow/.local/lib/python3.7/site-packages/airflow/example_dags/example_dag_decorator.py
[2023-05-12T19:07:30.281+0000] {logging_mixin.py:149} INFO - [2023-05-12T19:07:30.280+0000] {taskmixin.py:211} WARNING - Dependency <Task(_PythonDecoratedOperator): prepare_email>, send_email already registered for DAG: example_dag_decorator
[2023-05-12T19:07:30.288+0000] {logging_mixin.py:149} INFO - [2023-05-12T19:07:30.288+0000] {taskmixin.py:211} WARNING - Dependency <Task(EmailOperator): send_email>, prepare_email already registered for DAG: example_dag_decorator
[2023-05-12T19:07:30.430+0000] {processor.py:809} INFO - DAG(s) dict_keys(['example_dag_decorator']) retrieved from /home/airflow/.local/lib/python3.7/site-packages/airflow/example_dags/example_dag_decorator.py
[2023-05-12T19:07:34.768+0000] {logging_mixin.py:149} INFO - [2023-05-12T19:07:34.768+0000] {manager.py:504} INFO - Created Permission View: can delete on DAG:example_dag_decorator
[2023-05-12T19:07:35.203+0000] {logging_mixin.py:149} INFO - [2023-05-12T19:07:35.202+0000] {manager.py:504} INFO - Created Permission View: can edit on DAG:example_dag_decorator
[2023-05-12T19:07:35.636+0000] {logging_mixin.py:149} INFO - [2023-05-12T19:07:35.636+0000] {manager.py:504} INFO - Created Permission View: can read on DAG:example_dag_decorator
[2023-05-12T19:07:35.638+0000] {logging_mixin.py:149} INFO - [2023-05-12T19:07:35.638+0000] {dag.py:2726} INFO - Sync 1 DAGs
[2023-05-12T19:07:35.685+0000] {logging_mixin.py:149} INFO - [2023-05-12T19:07:35.684+0000] {dag.py:2747} INFO - Creating ORM DAG for example_dag_decorator
[2023-05-12T19:07:35.775+0000] {logging_mixin.py:149} INFO - [2023-05-12T19:07:35.774+0000] {dag.py:3490} INFO - Setting next_dagrun for example_dag_decorator to None, run_after=None
[2023-05-12T19:07:36.079+0000] {processor.py:178} INFO - Processing /home/airflow/.local/lib/python3.7/site-packages/airflow/example_dags/example_dag_decorator.py took 6.226 seconds
[2023-05-12T19:08:32.704+0000] {processor.py:156} INFO - Started process (PID=129) to work on /home/airflow/.local/lib/python3.7/site-packages/airflow/example_dags/example_dag_decorator.py
[2023-05-12T19:08:32.707+0000] {processor.py:799} INFO - Processing file /home/airflow/.local/lib/python3.7/site-packages/airflow/example_dags/example_dag_decorator.py for tasks to queue
[2023-05-12T19:08:32.709+0000] {logging_mixin.py:149} INFO - [2023-05-12T19:08:32.709+0000] {dagbag.py:541} INFO - Filling up the DagBag from /home/airflow/.local/lib/python3.7/site-packages/airflow/example_dags/example_dag_decorator.py
[2023-05-12T19:08:32.729+0000] {logging_mixin.py:149} INFO - [2023-05-12T19:08:32.728+0000] {taskmixin.py:211} WARNING - Dependency <Task(_PythonDecoratedOperator): prepare_email>, send_email already registered for DAG: example_dag_decorator
[2023-05-12T19:08:32.730+0000] {logging_mixin.py:149} INFO - [2023-05-12T19:08:32.730+0000] {taskmixin.py:211} WARNING - Dependency <Task(EmailOperator): send_email>, prepare_email already registered for DAG: example_dag_decorator
[2023-05-12T19:08:32.756+0000] {processor.py:809} INFO - DAG(s) dict_keys(['example_dag_decorator']) retrieved from /home/airflow/.local/lib/python3.7/site-packages/airflow/example_dags/example_dag_decorator.py
[2023-05-12T19:08:32.980+0000] {logging_mixin.py:149} INFO - [2023-05-12T19:08:32.980+0000] {dag.py:2726} INFO - Sync 1 DAGs
[2023-05-12T19:08:33.062+0000] {logging_mixin.py:149} INFO - [2023-05-12T19:08:33.061+0000] {dag.py:3490} INFO - Setting next_dagrun for example_dag_decorator to None, run_after=None
[2023-05-12T19:08:33.238+0000] {processor.py:178} INFO - Processing /home/airflow/.local/lib/python3.7/site-packages/airflow/example_dags/example_dag_decorator.py took 0.541 seconds
[2023-05-12T19:09:07.527+0000] {processor.py:156} INFO - Started process (PID=174) to work on /home/airflow/.local/lib/python3.7/site-packages/airflow/example_dags/example_dag_decorator.py
[2023-05-12T19:09:07.529+0000] {processor.py:799} INFO - Processing file /home/airflow/.local/lib/python3.7/site-packages/airflow/example_dags/example_dag_decorator.py for tasks to queue
[2023-05-12T19:09:07.531+0000] {logging_mixin.py:149} INFO - [2023-05-12T19:09:07.531+0000] {dagbag.py:541} INFO - Filling up the DagBag from /home/airflow/.local/lib/python3.7/site-packages/airflow/example_dags/example_dag_decorator.py
[2023-05-12T19:09:07.554+0000] {logging_mixin.py:149} INFO - [2023-05-12T19:09:07.554+0000] {taskmixin.py:211} WARNING - Dependency <Task(_PythonDecoratedOperator): prepare_email>, send_email already registered for DAG: example_dag_decorator
[2023-05-12T19:09:07.556+0000] {logging_mixin.py:149} INFO - [2023-05-12T19:09:07.555+0000] {taskmixin.py:211} WARNING - Dependency <Task(EmailOperator): send_email>, prepare_email already registered for DAG: example_dag_decorator
[2023-05-12T19:09:07.582+0000] {processor.py:809} INFO - DAG(s) dict_keys(['example_dag_decorator']) retrieved from /home/airflow/.local/lib/python3.7/site-packages/airflow/example_dags/example_dag_decorator.py
[2023-05-12T19:09:07.763+0000] {logging_mixin.py:149} INFO - [2023-05-12T19:09:07.762+0000] {dag.py:2726} INFO - Sync 1 DAGs
[2023-05-12T19:09:07.840+0000] {logging_mixin.py:149} INFO - [2023-05-12T19:09:07.840+0000] {dag.py:3490} INFO - Setting next_dagrun for example_dag_decorator to None, run_after=None
[2023-05-12T19:09:07.995+0000] {processor.py:178} INFO - Processing /home/airflow/.local/lib/python3.7/site-packages/airflow/example_dags/example_dag_decorator.py took 0.478 seconds
