[2023-05-12T19:07:28.267+0000] {processor.py:156} INFO - Started process (PID=64) to work on /home/airflow/.local/lib/python3.7/site-packages/airflow/example_dags/example_branch_python_dop_operator_3.py
[2023-05-12T19:07:28.302+0000] {processor.py:799} INFO - Processing file /home/airflow/.local/lib/python3.7/site-packages/airflow/example_dags/example_branch_python_dop_operator_3.py for tasks to queue
[2023-05-12T19:07:28.314+0000] {logging_mixin.py:149} INFO - [2023-05-12T19:07:28.309+0000] {dagbag.py:541} INFO - Filling up the DagBag from /home/airflow/.local/lib/python3.7/site-packages/airflow/example_dags/example_branch_python_dop_operator_3.py
[2023-05-12T19:07:28.375+0000] {processor.py:809} INFO - DAG(s) dict_keys(['example_branch_dop_operator_v3']) retrieved from /home/airflow/.local/lib/python3.7/site-packages/airflow/example_dags/example_branch_python_dop_operator_3.py
[2023-05-12T19:07:30.682+0000] {logging_mixin.py:149} INFO - [2023-05-12T19:07:30.682+0000] {manager.py:504} INFO - Created Permission View: can delete on DAG:example_branch_dop_operator_v3
[2023-05-12T19:07:30.782+0000] {logging_mixin.py:149} INFO - [2023-05-12T19:07:30.781+0000] {manager.py:504} INFO - Created Permission View: can edit on DAG:example_branch_dop_operator_v3
[2023-05-12T19:07:30.877+0000] {logging_mixin.py:149} INFO - [2023-05-12T19:07:30.876+0000] {manager.py:504} INFO - Created Permission View: can read on DAG:example_branch_dop_operator_v3
[2023-05-12T19:07:30.879+0000] {logging_mixin.py:149} INFO - [2023-05-12T19:07:30.879+0000] {dag.py:2726} INFO - Sync 1 DAGs
[2023-05-12T19:07:31.069+0000] {logging_mixin.py:149} INFO - [2023-05-12T19:07:31.069+0000] {dag.py:2747} INFO - Creating ORM DAG for example_branch_dop_operator_v3
[2023-05-12T19:07:31.199+0000] {logging_mixin.py:149} INFO - [2023-05-12T19:07:31.199+0000] {dag.py:3490} INFO - Setting next_dagrun for example_branch_dop_operator_v3 to 2023-05-12T19:06:00+00:00, run_after=2023-05-12T19:07:00+00:00
[2023-05-12T19:07:34.207+0000] {processor.py:178} INFO - Processing /home/airflow/.local/lib/python3.7/site-packages/airflow/example_dags/example_branch_python_dop_operator_3.py took 6.004 seconds
[2023-05-12T19:08:32.276+0000] {processor.py:156} INFO - Started process (PID=128) to work on /home/airflow/.local/lib/python3.7/site-packages/airflow/example_dags/example_branch_python_dop_operator_3.py
[2023-05-12T19:08:32.279+0000] {processor.py:799} INFO - Processing file /home/airflow/.local/lib/python3.7/site-packages/airflow/example_dags/example_branch_python_dop_operator_3.py for tasks to queue
[2023-05-12T19:08:32.281+0000] {logging_mixin.py:149} INFO - [2023-05-12T19:08:32.281+0000] {dagbag.py:541} INFO - Filling up the DagBag from /home/airflow/.local/lib/python3.7/site-packages/airflow/example_dags/example_branch_python_dop_operator_3.py
[2023-05-12T19:08:32.310+0000] {processor.py:809} INFO - DAG(s) dict_keys(['example_branch_dop_operator_v3']) retrieved from /home/airflow/.local/lib/python3.7/site-packages/airflow/example_dags/example_branch_python_dop_operator_3.py
[2023-05-12T19:08:32.393+0000] {logging_mixin.py:149} INFO - [2023-05-12T19:08:32.393+0000] {dag.py:2726} INFO - Sync 1 DAGs
[2023-05-12T19:08:32.496+0000] {logging_mixin.py:149} INFO - [2023-05-12T19:08:32.496+0000] {dag.py:3490} INFO - Setting next_dagrun for example_branch_dop_operator_v3 to 2023-05-12T19:07:00+00:00, run_after=2023-05-12T19:08:00+00:00
[2023-05-12T19:08:32.637+0000] {processor.py:178} INFO - Processing /home/airflow/.local/lib/python3.7/site-packages/airflow/example_dags/example_branch_python_dop_operator_3.py took 0.369 seconds
[2023-05-12T19:09:07.450+0000] {processor.py:156} INFO - Started process (PID=173) to work on /home/airflow/.local/lib/python3.7/site-packages/airflow/example_dags/example_branch_python_dop_operator_3.py
[2023-05-12T19:09:07.454+0000] {processor.py:799} INFO - Processing file /home/airflow/.local/lib/python3.7/site-packages/airflow/example_dags/example_branch_python_dop_operator_3.py for tasks to queue
[2023-05-12T19:09:07.457+0000] {logging_mixin.py:149} INFO - [2023-05-12T19:09:07.456+0000] {dagbag.py:541} INFO - Filling up the DagBag from /home/airflow/.local/lib/python3.7/site-packages/airflow/example_dags/example_branch_python_dop_operator_3.py
[2023-05-12T19:09:07.485+0000] {processor.py:809} INFO - DAG(s) dict_keys(['example_branch_dop_operator_v3']) retrieved from /home/airflow/.local/lib/python3.7/site-packages/airflow/example_dags/example_branch_python_dop_operator_3.py
[2023-05-12T19:09:07.564+0000] {logging_mixin.py:149} INFO - [2023-05-12T19:09:07.563+0000] {dag.py:2726} INFO - Sync 1 DAGs
[2023-05-12T19:09:07.661+0000] {logging_mixin.py:149} INFO - [2023-05-12T19:09:07.661+0000] {dag.py:3490} INFO - Setting next_dagrun for example_branch_dop_operator_v3 to 2023-05-12T19:08:00+00:00, run_after=2023-05-12T19:09:00+00:00
[2023-05-12T19:09:07.802+0000] {processor.py:178} INFO - Processing /home/airflow/.local/lib/python3.7/site-packages/airflow/example_dags/example_branch_python_dop_operator_3.py took 0.361 seconds
