[2023-05-12T19:06:53.772+0000] {processor.py:156} INFO - Started process (PID=47) to work on /home/airflow/.local/lib/python3.7/site-packages/airflow/example_dags/example_short_circuit_operator.py
[2023-05-12T19:06:53.774+0000] {processor.py:799} INFO - Processing file /home/airflow/.local/lib/python3.7/site-packages/airflow/example_dags/example_short_circuit_operator.py for tasks to queue
[2023-05-12T19:06:53.775+0000] {logging_mixin.py:149} INFO - [2023-05-12T19:06:53.775+0000] {dagbag.py:541} INFO - Filling up the DagBag from /home/airflow/.local/lib/python3.7/site-packages/airflow/example_dags/example_short_circuit_operator.py
[2023-05-12T19:06:53.976+0000] {processor.py:809} INFO - DAG(s) dict_keys(['example_short_circuit_operator']) retrieved from /home/airflow/.local/lib/python3.7/site-packages/airflow/example_dags/example_short_circuit_operator.py
[2023-05-12T19:07:09.353+0000] {logging_mixin.py:149} INFO - [2023-05-12T19:07:09.353+0000] {manager.py:504} INFO - Created Permission View: can delete on DAG:example_short_circuit_operator
[2023-05-12T19:07:09.528+0000] {logging_mixin.py:149} INFO - [2023-05-12T19:07:09.527+0000] {manager.py:504} INFO - Created Permission View: can edit on DAG:example_short_circuit_operator
[2023-05-12T19:07:09.636+0000] {logging_mixin.py:149} INFO - [2023-05-12T19:07:09.635+0000] {manager.py:504} INFO - Created Permission View: can read on DAG:example_short_circuit_operator
[2023-05-12T19:07:09.640+0000] {logging_mixin.py:149} INFO - [2023-05-12T19:07:09.640+0000] {dag.py:2726} INFO - Sync 1 DAGs
[2023-05-12T19:07:09.756+0000] {logging_mixin.py:149} INFO - [2023-05-12T19:07:09.755+0000] {dag.py:2747} INFO - Creating ORM DAG for example_short_circuit_operator
[2023-05-12T19:07:09.816+0000] {logging_mixin.py:149} INFO - [2023-05-12T19:07:09.815+0000] {dag.py:3490} INFO - Setting next_dagrun for example_short_circuit_operator to 2023-05-11T19:07:09.815333+00:00, run_after=2023-05-12T19:07:09.815333+00:00
[2023-05-12T19:07:10.010+0000] {processor.py:178} INFO - Processing /home/airflow/.local/lib/python3.7/site-packages/airflow/example_dags/example_short_circuit_operator.py took 16.106 seconds
[2023-05-12T19:08:24.652+0000] {processor.py:156} INFO - Started process (PID=118) to work on /home/airflow/.local/lib/python3.7/site-packages/airflow/example_dags/example_short_circuit_operator.py
[2023-05-12T19:08:24.656+0000] {processor.py:799} INFO - Processing file /home/airflow/.local/lib/python3.7/site-packages/airflow/example_dags/example_short_circuit_operator.py for tasks to queue
[2023-05-12T19:08:24.659+0000] {logging_mixin.py:149} INFO - [2023-05-12T19:08:24.659+0000] {dagbag.py:541} INFO - Filling up the DagBag from /home/airflow/.local/lib/python3.7/site-packages/airflow/example_dags/example_short_circuit_operator.py
[2023-05-12T19:08:24.807+0000] {processor.py:809} INFO - DAG(s) dict_keys(['example_short_circuit_operator']) retrieved from /home/airflow/.local/lib/python3.7/site-packages/airflow/example_dags/example_short_circuit_operator.py
[2023-05-12T19:08:24.914+0000] {logging_mixin.py:149} INFO - [2023-05-12T19:08:24.914+0000] {dag.py:2726} INFO - Sync 1 DAGs
[2023-05-12T19:08:25.011+0000] {logging_mixin.py:149} INFO - [2023-05-12T19:08:25.010+0000] {dag.py:3490} INFO - Setting next_dagrun for example_short_circuit_operator to 2023-05-11T19:08:25.009947+00:00, run_after=2023-05-12T19:08:25.009947+00:00
[2023-05-12T19:08:25.369+0000] {processor.py:178} INFO - Processing /home/airflow/.local/lib/python3.7/site-packages/airflow/example_dags/example_short_circuit_operator.py took 0.717 seconds
[2023-05-12T19:09:04.635+0000] {processor.py:156} INFO - Started process (PID=163) to work on /home/airflow/.local/lib/python3.7/site-packages/airflow/example_dags/example_short_circuit_operator.py
[2023-05-12T19:09:04.637+0000] {processor.py:799} INFO - Processing file /home/airflow/.local/lib/python3.7/site-packages/airflow/example_dags/example_short_circuit_operator.py for tasks to queue
[2023-05-12T19:09:04.639+0000] {logging_mixin.py:149} INFO - [2023-05-12T19:09:04.639+0000] {dagbag.py:541} INFO - Filling up the DagBag from /home/airflow/.local/lib/python3.7/site-packages/airflow/example_dags/example_short_circuit_operator.py
[2023-05-12T19:09:04.660+0000] {processor.py:809} INFO - DAG(s) dict_keys(['example_short_circuit_operator']) retrieved from /home/airflow/.local/lib/python3.7/site-packages/airflow/example_dags/example_short_circuit_operator.py
[2023-05-12T19:09:04.751+0000] {logging_mixin.py:149} INFO - [2023-05-12T19:09:04.751+0000] {dag.py:2726} INFO - Sync 1 DAGs
[2023-05-12T19:09:04.822+0000] {logging_mixin.py:149} INFO - [2023-05-12T19:09:04.822+0000] {dag.py:3490} INFO - Setting next_dagrun for example_short_circuit_operator to 2023-05-11T19:09:04.821690+00:00, run_after=2023-05-12T19:09:04.821690+00:00
[2023-05-12T19:09:05.154+0000] {processor.py:178} INFO - Processing /home/airflow/.local/lib/python3.7/site-packages/airflow/example_dags/example_short_circuit_operator.py took 0.527 seconds
