[2023-05-12T19:07:56.417+0000] {processor.py:156} INFO - Started process (PID=85) to work on /home/airflow/.local/lib/python3.7/site-packages/airflow/example_dags/example_external_task_marker_dag.py
[2023-05-12T19:07:56.424+0000] {processor.py:799} INFO - Processing file /home/airflow/.local/lib/python3.7/site-packages/airflow/example_dags/example_external_task_marker_dag.py for tasks to queue
[2023-05-12T19:07:56.427+0000] {logging_mixin.py:149} INFO - [2023-05-12T19:07:56.426+0000] {dagbag.py:541} INFO - Filling up the DagBag from /home/airflow/.local/lib/python3.7/site-packages/airflow/example_dags/example_external_task_marker_dag.py
[2023-05-12T19:07:56.461+0000] {processor.py:809} INFO - DAG(s) dict_keys(['example_external_task_marker_child', 'example_external_task_marker_parent']) retrieved from /home/airflow/.local/lib/python3.7/site-packages/airflow/example_dags/example_external_task_marker_dag.py
[2023-05-12T19:07:57.145+0000] {logging_mixin.py:149} INFO - [2023-05-12T19:07:57.144+0000] {manager.py:504} INFO - Created Permission View: can delete on DAG:example_external_task_marker_child
[2023-05-12T19:07:57.260+0000] {logging_mixin.py:149} INFO - [2023-05-12T19:07:57.260+0000] {manager.py:504} INFO - Created Permission View: can edit on DAG:example_external_task_marker_child
[2023-05-12T19:07:57.405+0000] {logging_mixin.py:149} INFO - [2023-05-12T19:07:57.405+0000] {manager.py:504} INFO - Created Permission View: can read on DAG:example_external_task_marker_child
[2023-05-12T19:07:57.597+0000] {logging_mixin.py:149} INFO - [2023-05-12T19:07:57.594+0000] {manager.py:504} INFO - Created Permission View: can delete on DAG:example_external_task_marker_parent
[2023-05-12T19:07:57.735+0000] {logging_mixin.py:149} INFO - [2023-05-12T19:07:57.734+0000] {manager.py:504} INFO - Created Permission View: can edit on DAG:example_external_task_marker_parent
[2023-05-12T19:07:57.828+0000] {logging_mixin.py:149} INFO - [2023-05-12T19:07:57.828+0000] {manager.py:504} INFO - Created Permission View: can read on DAG:example_external_task_marker_parent
[2023-05-12T19:07:57.830+0000] {logging_mixin.py:149} INFO - [2023-05-12T19:07:57.830+0000] {dag.py:2726} INFO - Sync 2 DAGs
[2023-05-12T19:07:57.900+0000] {logging_mixin.py:149} INFO - [2023-05-12T19:07:57.900+0000] {dag.py:2747} INFO - Creating ORM DAG for example_external_task_marker_child
[2023-05-12T19:07:57.903+0000] {logging_mixin.py:149} INFO - [2023-05-12T19:07:57.903+0000] {dag.py:2747} INFO - Creating ORM DAG for example_external_task_marker_parent
[2023-05-12T19:07:57.958+0000] {logging_mixin.py:149} INFO - [2023-05-12T19:07:57.957+0000] {dag.py:3490} INFO - Setting next_dagrun for example_external_task_marker_child to None, run_after=None
[2023-05-12T19:07:57.963+0000] {logging_mixin.py:149} INFO - [2023-05-12T19:07:57.961+0000] {dag.py:3490} INFO - Setting next_dagrun for example_external_task_marker_parent to None, run_after=None
[2023-05-12T19:07:58.128+0000] {processor.py:178} INFO - Processing /home/airflow/.local/lib/python3.7/site-packages/airflow/example_dags/example_external_task_marker_dag.py took 1.724 seconds
[2023-05-12T19:08:57.176+0000] {processor.py:156} INFO - Started process (PID=150) to work on /home/airflow/.local/lib/python3.7/site-packages/airflow/example_dags/example_external_task_marker_dag.py
[2023-05-12T19:08:57.178+0000] {processor.py:799} INFO - Processing file /home/airflow/.local/lib/python3.7/site-packages/airflow/example_dags/example_external_task_marker_dag.py for tasks to queue
[2023-05-12T19:08:57.180+0000] {logging_mixin.py:149} INFO - [2023-05-12T19:08:57.180+0000] {dagbag.py:541} INFO - Filling up the DagBag from /home/airflow/.local/lib/python3.7/site-packages/airflow/example_dags/example_external_task_marker_dag.py
[2023-05-12T19:08:57.206+0000] {processor.py:809} INFO - DAG(s) dict_keys(['example_external_task_marker_child', 'example_external_task_marker_parent']) retrieved from /home/airflow/.local/lib/python3.7/site-packages/airflow/example_dags/example_external_task_marker_dag.py
[2023-05-12T19:08:57.286+0000] {logging_mixin.py:149} INFO - [2023-05-12T19:08:57.286+0000] {dag.py:2726} INFO - Sync 2 DAGs
[2023-05-12T19:08:57.345+0000] {logging_mixin.py:149} INFO - [2023-05-12T19:08:57.345+0000] {dag.py:3490} INFO - Setting next_dagrun for example_external_task_marker_child to None, run_after=None
[2023-05-12T19:08:57.353+0000] {logging_mixin.py:149} INFO - [2023-05-12T19:08:57.352+0000] {dag.py:3490} INFO - Setting next_dagrun for example_external_task_marker_parent to None, run_after=None
[2023-05-12T19:08:57.918+0000] {processor.py:178} INFO - Processing /home/airflow/.local/lib/python3.7/site-packages/airflow/example_dags/example_external_task_marker_dag.py took 0.751 seconds
