[2023-05-12T19:07:21.106+0000] {processor.py:156} INFO - Started process (PID=62) to work on /home/airflow/.local/lib/python3.7/site-packages/airflow/example_dags/example_short_circuit_decorator.py
[2023-05-12T19:07:21.177+0000] {processor.py:799} INFO - Processing file /home/airflow/.local/lib/python3.7/site-packages/airflow/example_dags/example_short_circuit_decorator.py for tasks to queue
[2023-05-12T19:07:21.180+0000] {logging_mixin.py:149} INFO - [2023-05-12T19:07:21.179+0000] {dagbag.py:541} INFO - Filling up the DagBag from /home/airflow/.local/lib/python3.7/site-packages/airflow/example_dags/example_short_circuit_decorator.py
[2023-05-12T19:07:21.408+0000] {processor.py:809} INFO - DAG(s) dict_keys(['example_short_circuit_decorator']) retrieved from /home/airflow/.local/lib/python3.7/site-packages/airflow/example_dags/example_short_circuit_decorator.py
[2023-05-12T19:07:26.671+0000] {logging_mixin.py:149} INFO - [2023-05-12T19:07:26.671+0000] {manager.py:504} INFO - Created Permission View: can delete on DAG:example_short_circuit_decorator
[2023-05-12T19:07:27.061+0000] {logging_mixin.py:149} INFO - [2023-05-12T19:07:27.061+0000] {manager.py:504} INFO - Created Permission View: can edit on DAG:example_short_circuit_decorator
[2023-05-12T19:07:27.239+0000] {logging_mixin.py:149} INFO - [2023-05-12T19:07:27.238+0000] {manager.py:504} INFO - Created Permission View: can read on DAG:example_short_circuit_decorator
[2023-05-12T19:07:27.247+0000] {logging_mixin.py:149} INFO - [2023-05-12T19:07:27.246+0000] {dag.py:2726} INFO - Sync 1 DAGs
[2023-05-12T19:07:27.496+0000] {logging_mixin.py:149} INFO - [2023-05-12T19:07:27.485+0000] {dag.py:2747} INFO - Creating ORM DAG for example_short_circuit_decorator
[2023-05-12T19:07:27.650+0000] {logging_mixin.py:149} INFO - [2023-05-12T19:07:27.650+0000] {dag.py:3490} INFO - Setting next_dagrun for example_short_circuit_decorator to 2023-05-11T19:07:27.585224+00:00, run_after=2023-05-12T19:07:27.585224+00:00
[2023-05-12T19:07:28.019+0000] {processor.py:178} INFO - Processing /home/airflow/.local/lib/python3.7/site-packages/airflow/example_dags/example_short_circuit_decorator.py took 7.099 seconds
[2023-05-12T19:08:31.276+0000] {processor.py:156} INFO - Started process (PID=126) to work on /home/airflow/.local/lib/python3.7/site-packages/airflow/example_dags/example_short_circuit_decorator.py
[2023-05-12T19:08:31.279+0000] {processor.py:799} INFO - Processing file /home/airflow/.local/lib/python3.7/site-packages/airflow/example_dags/example_short_circuit_decorator.py for tasks to queue
[2023-05-12T19:08:31.283+0000] {logging_mixin.py:149} INFO - [2023-05-12T19:08:31.282+0000] {dagbag.py:541} INFO - Filling up the DagBag from /home/airflow/.local/lib/python3.7/site-packages/airflow/example_dags/example_short_circuit_decorator.py
[2023-05-12T19:08:31.329+0000] {processor.py:809} INFO - DAG(s) dict_keys(['example_short_circuit_decorator']) retrieved from /home/airflow/.local/lib/python3.7/site-packages/airflow/example_dags/example_short_circuit_decorator.py
[2023-05-12T19:08:31.454+0000] {logging_mixin.py:149} INFO - [2023-05-12T19:08:31.454+0000] {dag.py:2726} INFO - Sync 1 DAGs
[2023-05-12T19:08:31.552+0000] {logging_mixin.py:149} INFO - [2023-05-12T19:08:31.552+0000] {dag.py:3490} INFO - Setting next_dagrun for example_short_circuit_decorator to 2023-05-11T19:08:31.551349+00:00, run_after=2023-05-12T19:08:31.551349+00:00
[2023-05-12T19:08:31.683+0000] {processor.py:178} INFO - Processing /home/airflow/.local/lib/python3.7/site-packages/airflow/example_dags/example_short_circuit_decorator.py took 0.426 seconds
[2023-05-12T19:09:06.937+0000] {processor.py:156} INFO - Started process (PID=171) to work on /home/airflow/.local/lib/python3.7/site-packages/airflow/example_dags/example_short_circuit_decorator.py
[2023-05-12T19:09:06.938+0000] {processor.py:799} INFO - Processing file /home/airflow/.local/lib/python3.7/site-packages/airflow/example_dags/example_short_circuit_decorator.py for tasks to queue
[2023-05-12T19:09:06.941+0000] {logging_mixin.py:149} INFO - [2023-05-12T19:09:06.941+0000] {dagbag.py:541} INFO - Filling up the DagBag from /home/airflow/.local/lib/python3.7/site-packages/airflow/example_dags/example_short_circuit_decorator.py
[2023-05-12T19:09:06.975+0000] {processor.py:809} INFO - DAG(s) dict_keys(['example_short_circuit_decorator']) retrieved from /home/airflow/.local/lib/python3.7/site-packages/airflow/example_dags/example_short_circuit_decorator.py
[2023-05-12T19:09:07.065+0000] {logging_mixin.py:149} INFO - [2023-05-12T19:09:07.064+0000] {dag.py:2726} INFO - Sync 1 DAGs
[2023-05-12T19:09:07.173+0000] {logging_mixin.py:149} INFO - [2023-05-12T19:09:07.173+0000] {dag.py:3490} INFO - Setting next_dagrun for example_short_circuit_decorator to 2023-05-11T19:09:07.172815+00:00, run_after=2023-05-12T19:09:07.172815+00:00
[2023-05-12T19:09:07.398+0000] {processor.py:178} INFO - Processing /home/airflow/.local/lib/python3.7/site-packages/airflow/example_dags/example_short_circuit_decorator.py took 0.467 seconds
