[2023-05-12T19:07:41.846+0000] {processor.py:156} INFO - Started process (PID=71) to work on /home/airflow/.local/lib/python3.7/site-packages/airflow/example_dags/example_trigger_target_dag.py
[2023-05-12T19:07:41.849+0000] {processor.py:799} INFO - Processing file /home/airflow/.local/lib/python3.7/site-packages/airflow/example_dags/example_trigger_target_dag.py for tasks to queue
[2023-05-12T19:07:41.853+0000] {logging_mixin.py:149} INFO - [2023-05-12T19:07:41.853+0000] {dagbag.py:541} INFO - Filling up the DagBag from /home/airflow/.local/lib/python3.7/site-packages/airflow/example_dags/example_trigger_target_dag.py
[2023-05-12T19:07:41.963+0000] {processor.py:809} INFO - DAG(s) dict_keys(['example_trigger_target_dag']) retrieved from /home/airflow/.local/lib/python3.7/site-packages/airflow/example_dags/example_trigger_target_dag.py
[2023-05-12T19:07:43.748+0000] {logging_mixin.py:149} INFO - [2023-05-12T19:07:43.747+0000] {manager.py:504} INFO - Created Permission View: can delete on DAG:example_trigger_target_dag
[2023-05-12T19:07:43.919+0000] {logging_mixin.py:149} INFO - [2023-05-12T19:07:43.919+0000] {manager.py:504} INFO - Created Permission View: can edit on DAG:example_trigger_target_dag
[2023-05-12T19:07:44.217+0000] {logging_mixin.py:149} INFO - [2023-05-12T19:07:44.217+0000] {manager.py:504} INFO - Created Permission View: can read on DAG:example_trigger_target_dag
[2023-05-12T19:07:44.218+0000] {logging_mixin.py:149} INFO - [2023-05-12T19:07:44.218+0000] {dag.py:2726} INFO - Sync 1 DAGs
[2023-05-12T19:07:44.356+0000] {logging_mixin.py:149} INFO - [2023-05-12T19:07:44.356+0000] {dag.py:2747} INFO - Creating ORM DAG for example_trigger_target_dag
[2023-05-12T19:07:44.422+0000] {logging_mixin.py:149} INFO - [2023-05-12T19:07:44.422+0000] {dag.py:3490} INFO - Setting next_dagrun for example_trigger_target_dag to None, run_after=None
[2023-05-12T19:07:44.697+0000] {processor.py:178} INFO - Processing /home/airflow/.local/lib/python3.7/site-packages/airflow/example_dags/example_trigger_target_dag.py took 2.862 seconds
[2023-05-12T19:08:38.100+0000] {processor.py:156} INFO - Started process (PID=134) to work on /home/airflow/.local/lib/python3.7/site-packages/airflow/example_dags/example_trigger_target_dag.py
[2023-05-12T19:08:38.103+0000] {processor.py:799} INFO - Processing file /home/airflow/.local/lib/python3.7/site-packages/airflow/example_dags/example_trigger_target_dag.py for tasks to queue
[2023-05-12T19:08:38.108+0000] {logging_mixin.py:149} INFO - [2023-05-12T19:08:38.107+0000] {dagbag.py:541} INFO - Filling up the DagBag from /home/airflow/.local/lib/python3.7/site-packages/airflow/example_dags/example_trigger_target_dag.py
[2023-05-12T19:08:38.217+0000] {processor.py:809} INFO - DAG(s) dict_keys(['example_trigger_target_dag']) retrieved from /home/airflow/.local/lib/python3.7/site-packages/airflow/example_dags/example_trigger_target_dag.py
[2023-05-12T19:08:38.301+0000] {logging_mixin.py:149} INFO - [2023-05-12T19:08:38.301+0000] {dag.py:2726} INFO - Sync 1 DAGs
[2023-05-12T19:08:38.394+0000] {logging_mixin.py:149} INFO - [2023-05-12T19:08:38.394+0000] {dag.py:3490} INFO - Setting next_dagrun for example_trigger_target_dag to None, run_after=None
[2023-05-12T19:08:38.695+0000] {processor.py:178} INFO - Processing /home/airflow/.local/lib/python3.7/site-packages/airflow/example_dags/example_trigger_target_dag.py took 0.605 seconds
[2023-05-12T19:09:12.418+0000] {processor.py:156} INFO - Started process (PID=187) to work on /home/airflow/.local/lib/python3.7/site-packages/airflow/example_dags/example_trigger_target_dag.py
[2023-05-12T19:09:12.420+0000] {processor.py:799} INFO - Processing file /home/airflow/.local/lib/python3.7/site-packages/airflow/example_dags/example_trigger_target_dag.py for tasks to queue
[2023-05-12T19:09:12.422+0000] {logging_mixin.py:149} INFO - [2023-05-12T19:09:12.422+0000] {dagbag.py:541} INFO - Filling up the DagBag from /home/airflow/.local/lib/python3.7/site-packages/airflow/example_dags/example_trigger_target_dag.py
[2023-05-12T19:09:12.432+0000] {processor.py:809} INFO - DAG(s) dict_keys(['example_trigger_target_dag']) retrieved from /home/airflow/.local/lib/python3.7/site-packages/airflow/example_dags/example_trigger_target_dag.py
[2023-05-12T19:09:12.480+0000] {logging_mixin.py:149} INFO - [2023-05-12T19:09:12.479+0000] {dag.py:2726} INFO - Sync 1 DAGs
[2023-05-12T19:09:12.534+0000] {logging_mixin.py:149} INFO - [2023-05-12T19:09:12.534+0000] {dag.py:3490} INFO - Setting next_dagrun for example_trigger_target_dag to None, run_after=None
[2023-05-12T19:09:12.642+0000] {processor.py:178} INFO - Processing /home/airflow/.local/lib/python3.7/site-packages/airflow/example_dags/example_trigger_target_dag.py took 0.231 seconds
