[2023-05-12T19:08:03.992+0000] {processor.py:156} INFO - Started process (PID=92) to work on /home/airflow/.local/lib/python3.7/site-packages/airflow/example_dags/example_python_operator.py
[2023-05-12T19:08:03.994+0000] {processor.py:799} INFO - Processing file /home/airflow/.local/lib/python3.7/site-packages/airflow/example_dags/example_python_operator.py for tasks to queue
[2023-05-12T19:08:03.996+0000] {logging_mixin.py:149} INFO - [2023-05-12T19:08:03.996+0000] {dagbag.py:541} INFO - Filling up the DagBag from /home/airflow/.local/lib/python3.7/site-packages/airflow/example_dags/example_python_operator.py
[2023-05-12T19:08:04.153+0000] {logging_mixin.py:149} INFO - [2023-05-12T19:08:04.151+0000] {taskmixin.py:211} WARNING - Dependency <Task(_PythonDecoratedOperator): print_the_context>, log_sql_query already registered for DAG: example_python_operator
[2023-05-12T19:08:04.155+0000] {logging_mixin.py:149} INFO - [2023-05-12T19:08:04.154+0000] {taskmixin.py:211} WARNING - Dependency <Task(_PythonDecoratedOperator): log_sql_query>, print_the_context already registered for DAG: example_python_operator
[2023-05-12T19:08:04.163+0000] {logging_mixin.py:149} INFO - [2023-05-12T19:08:04.163+0000] {taskmixin.py:211} WARNING - Dependency <Task(_PythonDecoratedOperator): print_the_context>, log_sql_query already registered for DAG: example_python_operator
[2023-05-12T19:08:04.165+0000] {logging_mixin.py:149} INFO - [2023-05-12T19:08:04.164+0000] {taskmixin.py:211} WARNING - Dependency <Task(_PythonDecoratedOperator): log_sql_query>, print_the_context already registered for DAG: example_python_operator
[2023-05-12T19:08:04.176+0000] {logging_mixin.py:149} INFO - [2023-05-12T19:08:04.175+0000] {taskmixin.py:211} WARNING - Dependency <Task(_PythonDecoratedOperator): print_the_context>, log_sql_query already registered for DAG: example_python_operator
[2023-05-12T19:08:04.178+0000] {logging_mixin.py:149} INFO - [2023-05-12T19:08:04.177+0000] {taskmixin.py:211} WARNING - Dependency <Task(_PythonDecoratedOperator): log_sql_query>, print_the_context already registered for DAG: example_python_operator
[2023-05-12T19:08:04.181+0000] {logging_mixin.py:149} INFO - [2023-05-12T19:08:04.181+0000] {taskmixin.py:211} WARNING - Dependency <Task(_PythonDecoratedOperator): print_the_context>, log_sql_query already registered for DAG: example_python_operator
[2023-05-12T19:08:04.184+0000] {logging_mixin.py:149} INFO - [2023-05-12T19:08:04.183+0000] {taskmixin.py:211} WARNING - Dependency <Task(_PythonDecoratedOperator): log_sql_query>, print_the_context already registered for DAG: example_python_operator
[2023-05-12T19:08:04.216+0000] {processor.py:809} INFO - DAG(s) dict_keys(['example_python_operator']) retrieved from /home/airflow/.local/lib/python3.7/site-packages/airflow/example_dags/example_python_operator.py
[2023-05-12T19:08:05.366+0000] {logging_mixin.py:149} INFO - [2023-05-12T19:08:05.365+0000] {manager.py:504} INFO - Created Permission View: can delete on DAG:example_python_operator
[2023-05-12T19:08:05.453+0000] {logging_mixin.py:149} INFO - [2023-05-12T19:08:05.453+0000] {manager.py:504} INFO - Created Permission View: can edit on DAG:example_python_operator
[2023-05-12T19:08:05.737+0000] {logging_mixin.py:149} INFO - [2023-05-12T19:08:05.736+0000] {manager.py:504} INFO - Created Permission View: can read on DAG:example_python_operator
[2023-05-12T19:08:05.742+0000] {logging_mixin.py:149} INFO - [2023-05-12T19:08:05.741+0000] {dag.py:2726} INFO - Sync 1 DAGs
[2023-05-12T19:08:05.835+0000] {logging_mixin.py:149} INFO - [2023-05-12T19:08:05.835+0000] {dag.py:2747} INFO - Creating ORM DAG for example_python_operator
[2023-05-12T19:08:05.892+0000] {logging_mixin.py:149} INFO - [2023-05-12T19:08:05.891+0000] {dag.py:3490} INFO - Setting next_dagrun for example_python_operator to None, run_after=None
[2023-05-12T19:08:06.024+0000] {processor.py:178} INFO - Processing /home/airflow/.local/lib/python3.7/site-packages/airflow/example_dags/example_python_operator.py took 2.040 seconds
[2023-05-12T19:09:00.254+0000] {processor.py:156} INFO - Started process (PID=157) to work on /home/airflow/.local/lib/python3.7/site-packages/airflow/example_dags/example_python_operator.py
[2023-05-12T19:09:00.256+0000] {processor.py:799} INFO - Processing file /home/airflow/.local/lib/python3.7/site-packages/airflow/example_dags/example_python_operator.py for tasks to queue
[2023-05-12T19:09:00.258+0000] {logging_mixin.py:149} INFO - [2023-05-12T19:09:00.258+0000] {dagbag.py:541} INFO - Filling up the DagBag from /home/airflow/.local/lib/python3.7/site-packages/airflow/example_dags/example_python_operator.py
[2023-05-12T19:09:00.636+0000] {logging_mixin.py:149} INFO - [2023-05-12T19:09:00.635+0000] {taskmixin.py:211} WARNING - Dependency <Task(_PythonDecoratedOperator): print_the_context>, log_sql_query already registered for DAG: example_python_operator
[2023-05-12T19:09:00.642+0000] {logging_mixin.py:149} INFO - [2023-05-12T19:09:00.641+0000] {taskmixin.py:211} WARNING - Dependency <Task(_PythonDecoratedOperator): log_sql_query>, print_the_context already registered for DAG: example_python_operator
[2023-05-12T19:09:00.647+0000] {logging_mixin.py:149} INFO - [2023-05-12T19:09:00.646+0000] {taskmixin.py:211} WARNING - Dependency <Task(_PythonDecoratedOperator): print_the_context>, log_sql_query already registered for DAG: example_python_operator
[2023-05-12T19:09:00.648+0000] {logging_mixin.py:149} INFO - [2023-05-12T19:09:00.648+0000] {taskmixin.py:211} WARNING - Dependency <Task(_PythonDecoratedOperator): log_sql_query>, print_the_context already registered for DAG: example_python_operator
[2023-05-12T19:09:00.651+0000] {logging_mixin.py:149} INFO - [2023-05-12T19:09:00.651+0000] {taskmixin.py:211} WARNING - Dependency <Task(_PythonDecoratedOperator): print_the_context>, log_sql_query already registered for DAG: example_python_operator
[2023-05-12T19:09:00.653+0000] {logging_mixin.py:149} INFO - [2023-05-12T19:09:00.652+0000] {taskmixin.py:211} WARNING - Dependency <Task(_PythonDecoratedOperator): log_sql_query>, print_the_context already registered for DAG: example_python_operator
[2023-05-12T19:09:00.661+0000] {logging_mixin.py:149} INFO - [2023-05-12T19:09:00.660+0000] {taskmixin.py:211} WARNING - Dependency <Task(_PythonDecoratedOperator): print_the_context>, log_sql_query already registered for DAG: example_python_operator
[2023-05-12T19:09:00.662+0000] {logging_mixin.py:149} INFO - [2023-05-12T19:09:00.662+0000] {taskmixin.py:211} WARNING - Dependency <Task(_PythonDecoratedOperator): log_sql_query>, print_the_context already registered for DAG: example_python_operator
[2023-05-12T19:09:00.672+0000] {processor.py:809} INFO - DAG(s) dict_keys(['example_python_operator']) retrieved from /home/airflow/.local/lib/python3.7/site-packages/airflow/example_dags/example_python_operator.py
[2023-05-12T19:09:00.734+0000] {logging_mixin.py:149} INFO - [2023-05-12T19:09:00.734+0000] {dag.py:2726} INFO - Sync 1 DAGs
[2023-05-12T19:09:00.788+0000] {logging_mixin.py:149} INFO - [2023-05-12T19:09:00.787+0000] {dag.py:3490} INFO - Setting next_dagrun for example_python_operator to None, run_after=None
[2023-05-12T19:09:01.807+0000] {processor.py:178} INFO - Processing /home/airflow/.local/lib/python3.7/site-packages/airflow/example_dags/example_python_operator.py took 1.560 seconds
