[2023-05-12T19:07:37.442+0000] {processor.py:156} INFO - Started process (PID=67) to work on /home/airflow/.local/lib/python3.7/site-packages/airflow/example_dags/tutorial_taskflow_api_virtualenv.py
[2023-05-12T19:07:37.444+0000] {processor.py:799} INFO - Processing file /home/airflow/.local/lib/python3.7/site-packages/airflow/example_dags/tutorial_taskflow_api_virtualenv.py for tasks to queue
[2023-05-12T19:07:37.509+0000] {logging_mixin.py:149} INFO - [2023-05-12T19:07:37.465+0000] {dagbag.py:541} INFO - Filling up the DagBag from /home/airflow/.local/lib/python3.7/site-packages/airflow/example_dags/tutorial_taskflow_api_virtualenv.py
[2023-05-12T19:07:37.840+0000] {processor.py:809} INFO - DAG(s) dict_keys(['tutorial_taskflow_api_virtualenv']) retrieved from /home/airflow/.local/lib/python3.7/site-packages/airflow/example_dags/tutorial_taskflow_api_virtualenv.py
[2023-05-12T19:07:39.595+0000] {logging_mixin.py:149} INFO - [2023-05-12T19:07:39.595+0000] {manager.py:504} INFO - Created Permission View: can delete on DAG:tutorial_taskflow_api_virtualenv
[2023-05-12T19:07:39.703+0000] {logging_mixin.py:149} INFO - [2023-05-12T19:07:39.701+0000] {manager.py:504} INFO - Created Permission View: can edit on DAG:tutorial_taskflow_api_virtualenv
[2023-05-12T19:07:39.810+0000] {logging_mixin.py:149} INFO - [2023-05-12T19:07:39.810+0000] {manager.py:504} INFO - Created Permission View: can read on DAG:tutorial_taskflow_api_virtualenv
[2023-05-12T19:07:39.821+0000] {logging_mixin.py:149} INFO - [2023-05-12T19:07:39.820+0000] {dag.py:2726} INFO - Sync 1 DAGs
[2023-05-12T19:07:40.034+0000] {logging_mixin.py:149} INFO - [2023-05-12T19:07:40.033+0000] {dag.py:2747} INFO - Creating ORM DAG for tutorial_taskflow_api_virtualenv
[2023-05-12T19:07:40.230+0000] {logging_mixin.py:149} INFO - [2023-05-12T19:07:40.230+0000] {dag.py:3490} INFO - Setting next_dagrun for tutorial_taskflow_api_virtualenv to None, run_after=None
[2023-05-12T19:07:40.374+0000] {processor.py:178} INFO - Processing /home/airflow/.local/lib/python3.7/site-packages/airflow/example_dags/tutorial_taskflow_api_virtualenv.py took 2.944 seconds
[2023-05-12T19:08:35.080+0000] {processor.py:156} INFO - Started process (PID=131) to work on /home/airflow/.local/lib/python3.7/site-packages/airflow/example_dags/tutorial_taskflow_api_virtualenv.py
[2023-05-12T19:08:35.083+0000] {processor.py:799} INFO - Processing file /home/airflow/.local/lib/python3.7/site-packages/airflow/example_dags/tutorial_taskflow_api_virtualenv.py for tasks to queue
[2023-05-12T19:08:35.086+0000] {logging_mixin.py:149} INFO - [2023-05-12T19:08:35.086+0000] {dagbag.py:541} INFO - Filling up the DagBag from /home/airflow/.local/lib/python3.7/site-packages/airflow/example_dags/tutorial_taskflow_api_virtualenv.py
[2023-05-12T19:08:35.384+0000] {processor.py:809} INFO - DAG(s) dict_keys(['tutorial_taskflow_api_virtualenv']) retrieved from /home/airflow/.local/lib/python3.7/site-packages/airflow/example_dags/tutorial_taskflow_api_virtualenv.py
[2023-05-12T19:08:35.488+0000] {logging_mixin.py:149} INFO - [2023-05-12T19:08:35.487+0000] {dag.py:2726} INFO - Sync 1 DAGs
[2023-05-12T19:08:35.591+0000] {logging_mixin.py:149} INFO - [2023-05-12T19:08:35.591+0000] {dag.py:3490} INFO - Setting next_dagrun for tutorial_taskflow_api_virtualenv to None, run_after=None
[2023-05-12T19:08:36.009+0000] {processor.py:178} INFO - Processing /home/airflow/.local/lib/python3.7/site-packages/airflow/example_dags/tutorial_taskflow_api_virtualenv.py took 0.941 seconds
[2023-05-12T19:09:11.785+0000] {processor.py:156} INFO - Started process (PID=184) to work on /home/airflow/.local/lib/python3.7/site-packages/airflow/example_dags/tutorial_taskflow_api_virtualenv.py
[2023-05-12T19:09:11.788+0000] {processor.py:799} INFO - Processing file /home/airflow/.local/lib/python3.7/site-packages/airflow/example_dags/tutorial_taskflow_api_virtualenv.py for tasks to queue
[2023-05-12T19:09:11.790+0000] {logging_mixin.py:149} INFO - [2023-05-12T19:09:11.790+0000] {dagbag.py:541} INFO - Filling up the DagBag from /home/airflow/.local/lib/python3.7/site-packages/airflow/example_dags/tutorial_taskflow_api_virtualenv.py
[2023-05-12T19:09:11.808+0000] {processor.py:809} INFO - DAG(s) dict_keys(['tutorial_taskflow_api_virtualenv']) retrieved from /home/airflow/.local/lib/python3.7/site-packages/airflow/example_dags/tutorial_taskflow_api_virtualenv.py
[2023-05-12T19:09:11.870+0000] {logging_mixin.py:149} INFO - [2023-05-12T19:09:11.869+0000] {dag.py:2726} INFO - Sync 1 DAGs
[2023-05-12T19:09:11.945+0000] {logging_mixin.py:149} INFO - [2023-05-12T19:09:11.945+0000] {dag.py:3490} INFO - Setting next_dagrun for tutorial_taskflow_api_virtualenv to None, run_after=None
[2023-05-12T19:09:12.097+0000] {processor.py:178} INFO - Processing /home/airflow/.local/lib/python3.7/site-packages/airflow/example_dags/tutorial_taskflow_api_virtualenv.py took 0.318 seconds
